Microsoft HTML Help Compiler 4.74.8702

Compiling e:\Aroush.proj\temp\Doc\ndoc_msdn_temp\Apache Lucene.Net 2.4.0 API Documentation.chm

HHC4006: Warning: The file "Lucene.Net.Documents.AbstractField.IsBinary.html" is already listed in the [FILES] section of the project file.
HHC4006: Warning: The file "Lucene.Net.Documents.AbstractField.IsCompressed.html" is already listed in the [FILES] section of the project file.
HHC4006: Warning: The file "Lucene.Net.Documents.AbstractField.IsIndexed.html" is already listed in the [FILES] section of the project file.
HHC4006: Warning: The file "Lucene.Net.Documents.AbstractField.IsStored.html" is already listed in the [FILES] section of the project file.
HHC4006: Warning: The file "Lucene.Net.Documents.AbstractField.IsTokenized.html" is already listed in the [FILES] section of the project file.
HHC4006: Warning: The file "Lucene.Net.Documents.AbstractField.Name.html" is already listed in the [FILES] section of the project file.
HHC4006: Warning: The file "Lucene.Net.Index.DirectoryIndexReader.Directory.html" is already listed in the [FILES] section of the project file.
HHC4006: Warning: The file "Lucene.Net.Index.Payload.Length.html" is already listed in the [FILES] section of the project file.
HHC4006: Warning: The file "Lucene.Net.Search.FilterManager.FilterCleaner.html" is already listed in the [FILES] section of the project file.
HHC4006: Warning: The file "Lucene.Net.Search.Spans.SpanScorer.Doc.html" is already listed in the [FILES] section of the project file.
HHC4006: Warning: The file "Lucene.Net.Search.Spans.TermSpans.Doc.html" is already listed in the [FILES] section of the project file.
HHC3000: Warning: Invalid syntax: A <PARAM> tag appears outside of an <OBJECT> tag.
HHC3000: Warning: Invalid syntax: A <PARAM> tag appears outside of an <OBJECT> tag.
HHC3000: Warning: Invalid syntax: A <PARAM> tag appears outside of an <OBJECT> tag.
HHC3000: Warning: Invalid syntax: A <PARAM> tag appears outside of an <OBJECT> tag.
HHC3000: Warning: Invalid syntax: A <PARAM> tag appears outside of an <OBJECT> tag.
HHC3000: Warning: Invalid syntax: A <PARAM> tag appears outside of an <OBJECT> tag.
HHC3000: Warning: Invalid syntax: A <PARAM> tag appears outside of an <OBJECT> tag.
HHC3000: Warning: Invalid syntax: A <PARAM> tag appears outside of an <OBJECT> tag.
HHC3000: Warning: Invalid syntax: A <PARAM> tag appears outside of an <OBJECT> tag.

Compile time: 0 minutes, 42 seconds
8,966	Topics
31,266	Local links
14	Internet links
9	Graphics


Created e:\Aroush.proj\temp\Doc\ndoc_msdn_temp\Apache Lucene.Net 2.4.0 API Documentation.chm, 2,051,947 bytes
Compression decreased file by 12,661,513 bytes.
