Building documentation...
Initializing...
Merging XML documentation...
Building file mapping...
Loading XSLT files...
    namespace.xslt
    namespacehierarchy.xslt
    type.xslt
    typehierarchy.xslt
    allmembers.xslt
    individualmembers.xslt
    event.xslt
    member.xslt
    memberoverload.xslt
    property.xslt
    field.xslt
    htmlcontents.xslt
Generating HTML pages...
(global).html
(global)Hierarchy.html
IThreadRunnable.html
IThreadRunnableMembers.html
IThreadRunnableMethods.html
IThreadRunnable.Run.html
SupportClass.html
SupportClassMembers.html
SupportClassConstructor.html
SupportClass.AppSettings.html
SupportClass.AppSettingsMembers.html
SupportClass.AppSettingsConstructor.html
SupportClass.AppSettingsMethods.html
SupportClass.AppSettings.Get_overloads.html
SupportClass.AppSettings.Get_overload_1.html
SupportClass.AppSettings.Get_overload_2.html
SupportClass.AppSettings.Get_overload_3.html
SupportClass.Character.html
SupportClass.CharacterMembers.html
SupportClass.CharacterConstructor.html
SupportClass.CharacterProperties.html
SupportClass.Character.MAX_RADIX.html
SupportClass.Character.MIN_RADIX.html
SupportClass.CharacterMethods.html
SupportClass.Character.ForDigit.html
SupportClass.Date.html
SupportClass.DateMembers.html
SupportClass.DateConstructor.html
SupportClass.DateMethods.html
SupportClass.Date.GetTime.html
SupportClass.Number.html
SupportClass.NumberMembers.html
SupportClass.NumberConstructor.html
SupportClass.NumberFields.html
SupportClass.Number.MAX_RADIX.html
SupportClass.Number.MIN_RADIX.html
SupportClass.NumberMethods.html
SupportClass.Number.Parse.html
SupportClass.Number.ToString_overloads.html
SupportClass.Number.ToString_overload_3.html
SupportClass.Number.ToString_overload_2.html
SupportClass.Single.html
SupportClass.SingleMembers.html
SupportClass.SingleConstructor.html
SupportClass.SingleMethods.html
SupportClass.Single.Parse_overloads.html
SupportClass.Single.Parse_overload_4.html
SupportClass.Single.Parse_overload_3.html
SupportClass.Single.Parse_overload_1.html
SupportClass.Single.Parse_overload_2.html
SupportClass.ThreadClass.html
SupportClass.ThreadClassMembers.html
SupportClass.ThreadClassConstructor.html
SupportClass.ThreadClassConstructor1.html
SupportClass.ThreadClassConstructor2.html
SupportClass.ThreadClassConstructor3.html
SupportClass.ThreadClassConstructor4.html
SupportClass.ThreadClassProperties.html
SupportClass.ThreadClass.Instance.html
SupportClass.ThreadClass.IsAlive.html
SupportClass.ThreadClass.IsBackground.html
SupportClass.ThreadClass.Name.html
SupportClass.ThreadClass.Priority.html
SupportClass.ThreadClassMethods.html
SupportClass.ThreadClass.Abort_overloads.html
SupportClass.ThreadClass.Abort_overload_1.html
SupportClass.ThreadClass.Abort_overload_2.html
SupportClass.ThreadClass.Current.html
SupportClass.ThreadClass.Interrupt.html
SupportClass.ThreadClass.Join_overloads.html
SupportClass.ThreadClass.Join_overload_1.html
SupportClass.ThreadClass.Join_overload_2.html
SupportClass.ThreadClass.Join_overload_3.html
SupportClass.ThreadClass.Resume.html
SupportClass.ThreadClass.Run.html
SupportClass.ThreadClass.Start.html
SupportClass.ThreadClass.Suspend.html
SupportClass.ThreadClass.ToString.html
Lucene.Net.Analysis.html
Lucene.Net.AnalysisHierarchy.html
Lucene.Net.Analysis.Analyzer.html
Lucene.Net.Analysis.AnalyzerHierarchy.html
Lucene.Net.Analysis.AnalyzerMembers.html
Lucene.Net.Analysis.AnalyzerConstructor.html
Lucene.Net.Analysis.AnalyzerMethods.html
Lucene.Net.Analysis.Analyzer.TokenStream_overloads.html
Lucene.Net.Analysis.Analyzer.TokenStream_overload_1.html
Lucene.Net.Analysis.Analyzer.TokenStream_overload_2.html
Lucene.Net.Analysis.CharTokenizer.html
Lucene.Net.Analysis.CharTokenizerMembers.html
Lucene.Net.Analysis.CharTokenizerConstructor.html
Lucene.Net.Analysis.CharTokenizerMethods.html
Lucene.Net.Analysis.CharTokenizer.IsTokenChar.html
Lucene.Net.Analysis.CharTokenizer.Next.html
Lucene.Net.Analysis.CharTokenizer.Normalize.html
Lucene.Net.Analysis.LetterTokenizer.html
Lucene.Net.Analysis.LetterTokenizerMembers.html
Lucene.Net.Analysis.LetterTokenizerConstructor.html
Lucene.Net.Analysis.LetterTokenizerMethods.html
Lucene.Net.Analysis.LetterTokenizer.IsTokenChar.html
Lucene.Net.Analysis.LowerCaseFilter.html
Lucene.Net.Analysis.LowerCaseFilterMembers.html
Lucene.Net.Analysis.LowerCaseFilterConstructor.html
Lucene.Net.Analysis.LowerCaseFilterMethods.html
Lucene.Net.Analysis.LowerCaseFilter.Next.html
Lucene.Net.Analysis.LowerCaseTokenizer.html
Lucene.Net.Analysis.LowerCaseTokenizerMembers.html
Lucene.Net.Analysis.LowerCaseTokenizerConstructor.html
Lucene.Net.Analysis.LowerCaseTokenizerMethods.html
Lucene.Net.Analysis.LowerCaseTokenizer.Normalize.html
Lucene.Net.Analysis.PerFieldAnalyzerWrapper.html
Lucene.Net.Analysis.PerFieldAnalyzerWrapperMembers.html
Lucene.Net.Analysis.PerFieldAnalyzerWrapperConstructor.html
Lucene.Net.Analysis.PerFieldAnalyzerWrapperMethods.html
Lucene.Net.Analysis.PerFieldAnalyzerWrapper.AddAnalyzer.html
Lucene.Net.Analysis.PerFieldAnalyzerWrapper.TokenStream_overloads.html
Lucene.Net.Analysis.PerFieldAnalyzerWrapper.TokenStream_overload_2.html
Lucene.Net.Analysis.PorterStemFilter.html
Lucene.Net.Analysis.PorterStemFilterMembers.html
Lucene.Net.Analysis.PorterStemFilterConstructor.html
Lucene.Net.Analysis.PorterStemFilterMethods.html
Lucene.Net.Analysis.PorterStemFilter.Next.html
Lucene.Net.Analysis.SimpleAnalyzer.html
Lucene.Net.Analysis.SimpleAnalyzerMembers.html
Lucene.Net.Analysis.SimpleAnalyzerConstructor.html
Lucene.Net.Analysis.SimpleAnalyzerMethods.html
Lucene.Net.Analysis.SimpleAnalyzer.TokenStream_overloads.html
Lucene.Net.Analysis.SimpleAnalyzer.TokenStream_overload_2.html
Lucene.Net.Analysis.StopAnalyzer.html
Lucene.Net.Analysis.StopAnalyzerMembers.html
Lucene.Net.Analysis.StopAnalyzerConstructor.html
Lucene.Net.Analysis.StopAnalyzerConstructor1.html
Lucene.Net.Analysis.StopAnalyzerConstructor2.html
Lucene.Net.Analysis.StopAnalyzerFields.html
Lucene.Net.Analysis.StopAnalyzer.ENGLISH_STOP_WORDS.html
Lucene.Net.Analysis.StopAnalyzerMethods.html
Lucene.Net.Analysis.StopAnalyzer.TokenStream_overloads.html
Lucene.Net.Analysis.StopAnalyzer.TokenStream_overload_2.html
Lucene.Net.Analysis.StopFilter.html
Lucene.Net.Analysis.StopFilterMembers.html
Lucene.Net.Analysis.StopFilterConstructor.html
Lucene.Net.Analysis.StopFilterConstructor1.html
Lucene.Net.Analysis.StopFilterConstructor2.html
Lucene.Net.Analysis.StopFilterMethods.html
Lucene.Net.Analysis.StopFilter.MakeStopSet.html
Lucene.Net.Analysis.StopFilter.MakeStopTable.html
Lucene.Net.Analysis.StopFilter.Next.html
Lucene.Net.Analysis.Token.html
Lucene.Net.Analysis.TokenMembers.html
Lucene.Net.Analysis.TokenConstructor.html
Lucene.Net.Analysis.TokenConstructor1.html
Lucene.Net.Analysis.TokenConstructor2.html
Lucene.Net.Analysis.TokenMethods.html
Lucene.Net.Analysis.Token.EndOffset.html
Lucene.Net.Analysis.Token.GetPositionIncrement.html
Lucene.Net.Analysis.Token.SetPositionIncrement.html
Lucene.Net.Analysis.Token.StartOffset.html
Lucene.Net.Analysis.Token.TermText.html
Lucene.Net.Analysis.Token.Type.html
Lucene.Net.Analysis.TokenFilter.html
Lucene.Net.Analysis.TokenFilterHierarchy.html
Lucene.Net.Analysis.TokenFilterMembers.html
Lucene.Net.Analysis.TokenFilterConstructor.html
Lucene.Net.Analysis.TokenFilterConstructor1.html
Lucene.Net.Analysis.TokenFilterConstructor2.html
Lucene.Net.Analysis.TokenFilterFields.html
Lucene.Net.Analysis.TokenFilter.input.html
Lucene.Net.Analysis.TokenFilterMethods.html
Lucene.Net.Analysis.TokenFilter.Close.html
Lucene.Net.Analysis.Tokenizer.html
Lucene.Net.Analysis.TokenizerMembers.html
Lucene.Net.Analysis.TokenizerConstructor.html
Lucene.Net.Analysis.TokenizerConstructor1.html
Lucene.Net.Analysis.TokenizerConstructor2.html
Lucene.Net.Analysis.TokenizerFields.html
Lucene.Net.Analysis.Tokenizer.input.html
Lucene.Net.Analysis.TokenizerMethods.html
Lucene.Net.Analysis.Tokenizer.Close.html
Lucene.Net.Analysis.TokenStream.html
Lucene.Net.Analysis.TokenStreamMembers.html
Lucene.Net.Analysis.TokenStreamConstructor.html
Lucene.Net.Analysis.TokenStreamMethods.html
Lucene.Net.Analysis.TokenStream.Close.html
Lucene.Net.Analysis.TokenStream.Next.html
Lucene.Net.Analysis.WhitespaceAnalyzer.html
Lucene.Net.Analysis.WhitespaceAnalyzerMembers.html
Lucene.Net.Analysis.WhitespaceAnalyzerConstructor.html
Lucene.Net.Analysis.WhitespaceAnalyzerMethods.html
Lucene.Net.Analysis.WhitespaceAnalyzer.TokenStream_overloads.html
Lucene.Net.Analysis.WhitespaceAnalyzer.TokenStream_overload_2.html
Lucene.Net.Analysis.WhitespaceTokenizer.html
Lucene.Net.Analysis.WhitespaceTokenizerMembers.html
Lucene.Net.Analysis.WhitespaceTokenizerConstructor.html
Lucene.Net.Analysis.WhitespaceTokenizerMethods.html
Lucene.Net.Analysis.WhitespaceTokenizer.IsTokenChar.html
Lucene.Net.Analysis.DE.html
Lucene.Net.Analysis.DEHierarchy.html
Lucene.Net.Analysis.DE.GermanAnalyzer.html
Lucene.Net.Analysis.DE.GermanAnalyzerMembers.html
Lucene.Net.Analysis.DE.GermanAnalyzerConstructor.html
Lucene.Net.Analysis.DE.GermanAnalyzerConstructor1.html
Lucene.Net.Analysis.DE.GermanAnalyzerConstructor2.html
Lucene.Net.Analysis.DE.GermanAnalyzerConstructor3.html
Lucene.Net.Analysis.DE.GermanAnalyzerConstructor4.html
Lucene.Net.Analysis.DE.GermanAnalyzerMethods.html
Lucene.Net.Analysis.DE.GermanAnalyzer.SetStemExclusionTable_overloads.html
Lucene.Net.Analysis.DE.GermanAnalyzer.SetStemExclusionTable_overload_2.html
Lucene.Net.Analysis.DE.GermanAnalyzer.SetStemExclusionTable_overload_1.html
Lucene.Net.Analysis.DE.GermanAnalyzer.SetStemExclusionTable_overload_3.html
Lucene.Net.Analysis.DE.GermanAnalyzer.TokenStream_overloads.html
Lucene.Net.Analysis.DE.GermanAnalyzer.TokenStream_overload_2.html
Lucene.Net.Analysis.DE.GermanStemFilter.html
Lucene.Net.Analysis.DE.GermanStemFilterMembers.html
Lucene.Net.Analysis.DE.GermanStemFilterConstructor.html
Lucene.Net.Analysis.DE.GermanStemFilterConstructor1.html
Lucene.Net.Analysis.DE.GermanStemFilterConstructor2.html
Lucene.Net.Analysis.DE.GermanStemFilterMethods.html
Lucene.Net.Analysis.DE.GermanStemFilter.Next.html
Lucene.Net.Analysis.DE.GermanStemFilter.SetExclusionSet.html
Lucene.Net.Analysis.DE.GermanStemFilter.SetExclusionTable.html
Lucene.Net.Analysis.DE.GermanStemFilter.SetStemmer.html
Lucene.Net.Analysis.DE.GermanStemmer.html
Lucene.Net.Analysis.DE.GermanStemmerMembers.html
Lucene.Net.Analysis.DE.GermanStemmerConstructor.html
Lucene.Net.Analysis.DE.GermanStemmerMethods.html
Lucene.Net.Analysis.DE.GermanStemmer.Stem.html
Lucene.Net.Analysis.DE.WordlistLoader.html
Lucene.Net.Analysis.DE.WordlistLoaderMembers.html
Lucene.Net.Analysis.DE.WordlistLoaderConstructor.html
Lucene.Net.Analysis.DE.WordlistLoaderMethods.html
Lucene.Net.Analysis.DE.WordlistLoader.GetWordSet.html
Lucene.Net.Analysis.DE.WordlistLoader.GetWordtable_overloads.html
Lucene.Net.Analysis.DE.WordlistLoader.GetWordtable_overload_3.html
Lucene.Net.Analysis.DE.WordlistLoader.GetWordtable_overload_2.html
Lucene.Net.Analysis.DE.WordlistLoader.GetWordtable_overload_1.html
Lucene.Net.Analysis.RU.html
Lucene.Net.Analysis.RUHierarchy.html
Lucene.Net.Analysis.RU.RussianAnalyzer.html
Lucene.Net.Analysis.RU.RussianAnalyzerMembers.html
Lucene.Net.Analysis.RU.RussianAnalyzerConstructor.html
Lucene.Net.Analysis.RU.RussianAnalyzerConstructor1.html
Lucene.Net.Analysis.RU.RussianAnalyzerConstructor2.html
Lucene.Net.Analysis.RU.RussianAnalyzerConstructor3.html
Lucene.Net.Analysis.RU.RussianAnalyzerConstructor4.html
Lucene.Net.Analysis.RU.RussianAnalyzerMethods.html
Lucene.Net.Analysis.RU.RussianAnalyzer.TokenStream_overloads.html
Lucene.Net.Analysis.RU.RussianAnalyzer.TokenStream_overload_2.html
Lucene.Net.Analysis.RU.RussianCharsets.html
Lucene.Net.Analysis.RU.RussianCharsetsMembers.html
Lucene.Net.Analysis.RU.RussianCharsetsConstructor.html
Lucene.Net.Analysis.RU.RussianCharsetsFields.html
Lucene.Net.Analysis.RU.RussianCharsets.CP1251.html
Lucene.Net.Analysis.RU.RussianCharsets.KOI8.html
Lucene.Net.Analysis.RU.RussianCharsets.UnicodeRussian.html
Lucene.Net.Analysis.RU.RussianCharsetsMethods.html
Lucene.Net.Analysis.RU.RussianCharsets.ToLowerCase.html
Lucene.Net.Analysis.RU.RussianLetterTokenizer.html
Lucene.Net.Analysis.RU.RussianLetterTokenizerMembers.html
Lucene.Net.Analysis.RU.RussianLetterTokenizerConstructor.html
Lucene.Net.Analysis.RU.RussianLetterTokenizerMethods.html
Lucene.Net.Analysis.RU.RussianLetterTokenizer.IsTokenChar.html
Lucene.Net.Analysis.RU.RussianLowerCaseFilter.html
Lucene.Net.Analysis.RU.RussianLowerCaseFilterMembers.html
Lucene.Net.Analysis.RU.RussianLowerCaseFilterConstructor.html
Lucene.Net.Analysis.RU.RussianLowerCaseFilterMethods.html
Lucene.Net.Analysis.RU.RussianLowerCaseFilter.Next.html
Lucene.Net.Analysis.RU.RussianStemFilter.html
Lucene.Net.Analysis.RU.RussianStemFilterMembers.html
Lucene.Net.Analysis.RU.RussianStemFilterConstructor.html
Lucene.Net.Analysis.RU.RussianStemFilterMethods.html
Lucene.Net.Analysis.RU.RussianStemFilter.Next.html
Lucene.Net.Analysis.RU.RussianStemFilter.SetStemmer.html
Lucene.Net.Analysis.RU.RussianStemmer.html
Lucene.Net.Analysis.RU.RussianStemmerMembers.html
Lucene.Net.Analysis.RU.RussianStemmerConstructor.html
Lucene.Net.Analysis.RU.RussianStemmerConstructor1.html
Lucene.Net.Analysis.RU.RussianStemmerConstructor2.html
Lucene.Net.Analysis.RU.RussianStemmerMethods.html
Lucene.Net.Analysis.RU.RussianStemmer.SetCharset.html
Lucene.Net.Analysis.RU.RussianStemmer.Stem_overloads.html
Lucene.Net.Analysis.RU.RussianStemmer.Stem_overload_1.html
Lucene.Net.Analysis.RU.RussianStemmer.Stem_overload_2.html
Lucene.Net.Analysis.Standard.html
Lucene.Net.Analysis.StandardHierarchy.html
Lucene.Net.Analysis.Standard.CharStream.html
Lucene.Net.Analysis.Standard.CharStreamMembers.html
Lucene.Net.Analysis.Standard.CharStreamMethods.html
Lucene.Net.Analysis.Standard.CharStream.Backup.html
Lucene.Net.Analysis.Standard.CharStream.BeginToken.html
Lucene.Net.Analysis.Standard.CharStream.Done.html
Lucene.Net.Analysis.Standard.CharStream.GetBeginColumn.html
Lucene.Net.Analysis.Standard.CharStream.GetBeginLine.html
Lucene.Net.Analysis.Standard.CharStream.GetColumn.html
Lucene.Net.Analysis.Standard.CharStream.GetEndColumn.html
Lucene.Net.Analysis.Standard.CharStream.GetEndLine.html
Lucene.Net.Analysis.Standard.CharStream.GetImage.html
Lucene.Net.Analysis.Standard.CharStream.GetLine.html
Lucene.Net.Analysis.Standard.CharStream.GetSuffix.html
Lucene.Net.Analysis.Standard.CharStream.ReadChar.html
Lucene.Net.Analysis.Standard.FastCharStream.html
Lucene.Net.Analysis.Standard.FastCharStreamMembers.html
Lucene.Net.Analysis.Standard.FastCharStreamConstructor.html
Lucene.Net.Analysis.Standard.FastCharStreamMethods.html
Lucene.Net.Analysis.Standard.FastCharStream.Backup.html
Lucene.Net.Analysis.Standard.FastCharStream.BeginToken.html
Lucene.Net.Analysis.Standard.FastCharStream.Done.html
Lucene.Net.Analysis.Standard.FastCharStream.GetBeginColumn.html
Lucene.Net.Analysis.Standard.FastCharStream.GetBeginLine.html
Lucene.Net.Analysis.Standard.FastCharStream.GetColumn.html
Lucene.Net.Analysis.Standard.FastCharStream.GetEndColumn.html
Lucene.Net.Analysis.Standard.FastCharStream.GetEndLine.html
Lucene.Net.Analysis.Standard.FastCharStream.GetImage.html
Lucene.Net.Analysis.Standard.FastCharStream.GetLine.html
Lucene.Net.Analysis.Standard.FastCharStream.GetSuffix.html
Lucene.Net.Analysis.Standard.FastCharStream.ReadChar.html
Lucene.Net.Analysis.Standard.ParseException.html
Lucene.Net.Analysis.Standard.ParseExceptionMembers.html
Lucene.Net.Analysis.Standard.ParseExceptionConstructor.html
Lucene.Net.Analysis.Standard.ParseExceptionConstructor1.html
Lucene.Net.Analysis.Standard.ParseExceptionConstructor2.html
Lucene.Net.Analysis.Standard.ParseExceptionConstructor3.html
Lucene.Net.Analysis.Standard.ParseExceptionFields.html
Lucene.Net.Analysis.Standard.ParseException.currentToken.html
Lucene.Net.Analysis.Standard.ParseException.eol.html
Lucene.Net.Analysis.Standard.ParseException.expectedTokenSequences.html
Lucene.Net.Analysis.Standard.ParseException.specialConstructor.html
Lucene.Net.Analysis.Standard.ParseException.tokenImage.html
Lucene.Net.Analysis.Standard.ParseExceptionProperties.html
Lucene.Net.Analysis.Standard.ParseException.Message.html
Lucene.Net.Analysis.Standard.ParseExceptionMethods.html
Lucene.Net.Analysis.Standard.ParseException.Add_escapes.html
Lucene.Net.Analysis.Standard.StandardAnalyzer.html
Lucene.Net.Analysis.Standard.StandardAnalyzerMembers.html
Lucene.Net.Analysis.Standard.StandardAnalyzerConstructor.html
Lucene.Net.Analysis.Standard.StandardAnalyzerConstructor1.html
Lucene.Net.Analysis.Standard.StandardAnalyzerConstructor2.html
Lucene.Net.Analysis.Standard.StandardAnalyzerFields.html
Lucene.Net.Analysis.Standard.StandardAnalyzer.STOP_WORDS.html
Lucene.Net.Analysis.Standard.StandardAnalyzerMethods.html
Lucene.Net.Analysis.Standard.StandardAnalyzer.TokenStream_overloads.html
Lucene.Net.Analysis.Standard.StandardAnalyzer.TokenStream_overload_2.html
Lucene.Net.Analysis.Standard.StandardFilter.html
Lucene.Net.Analysis.Standard.StandardFilterMembers.html
Lucene.Net.Analysis.Standard.StandardFilterConstructor.html
Lucene.Net.Analysis.Standard.StandardFilterMethods.html
Lucene.Net.Analysis.Standard.StandardFilter.Next.html
Lucene.Net.Analysis.Standard.StandardTokenizer.html
Lucene.Net.Analysis.Standard.StandardTokenizerMembers.html
Lucene.Net.Analysis.Standard.StandardTokenizerConstructor.html
Lucene.Net.Analysis.Standard.StandardTokenizerConstructor1.html
Lucene.Net.Analysis.Standard.StandardTokenizerConstructor2.html
Lucene.Net.Analysis.Standard.StandardTokenizerConstructor3.html
Lucene.Net.Analysis.Standard.StandardTokenizerFields.html
Lucene.Net.Analysis.Standard.StandardTokenizer.jj_nt.html
Lucene.Net.Analysis.Standard.StandardTokenizer.token.html
Lucene.Net.Analysis.Standard.StandardTokenizer.token_source.html
Lucene.Net.Analysis.Standard.StandardTokenizerMethods.html
Lucene.Net.Analysis.Standard.StandardTokenizer.Close.html
Lucene.Net.Analysis.Standard.StandardTokenizer.Disable_tracing.html
Lucene.Net.Analysis.Standard.StandardTokenizer.Enable_tracing.html
Lucene.Net.Analysis.Standard.StandardTokenizer.GenerateParseException.html
Lucene.Net.Analysis.Standard.StandardTokenizer.GetNextToken.html
Lucene.Net.Analysis.Standard.StandardTokenizer.GetToken.html
Lucene.Net.Analysis.Standard.StandardTokenizer.Next.html
Lucene.Net.Analysis.Standard.StandardTokenizer.ReInit_overloads.html
Lucene.Net.Analysis.Standard.StandardTokenizer.ReInit_overload_2.html
Lucene.Net.Analysis.Standard.StandardTokenizer.ReInit_overload_1.html
Lucene.Net.Analysis.Standard.StandardTokenizerConstants.html
Lucene.Net.Analysis.Standard.StandardTokenizerConstantsMembers.html
Lucene.Net.Analysis.Standard.StandardTokenizerConstantsConstructor.html
Lucene.Net.Analysis.Standard.StandardTokenizerConstantsFields.html
Lucene.Net.Analysis.Standard.StandardTokenizerConstants.ACRONYM.html
Lucene.Net.Analysis.Standard.StandardTokenizerConstants.ALPHA.html
Lucene.Net.Analysis.Standard.StandardTokenizerConstants.ALPHANUM.html
Lucene.Net.Analysis.Standard.StandardTokenizerConstants.APOSTROPHE.html
Lucene.Net.Analysis.Standard.StandardTokenizerConstants.CJK.html
Lucene.Net.Analysis.Standard.StandardTokenizerConstants.COMPANY.html
Lucene.Net.Analysis.Standard.StandardTokenizerConstants.DEFAULT.html
Lucene.Net.Analysis.Standard.StandardTokenizerConstants.DIGIT.html
Lucene.Net.Analysis.Standard.StandardTokenizerConstants.EMAIL.html
Lucene.Net.Analysis.Standard.StandardTokenizerConstants.EOF.html
Lucene.Net.Analysis.Standard.StandardTokenizerConstants.HAS_DIGIT.html
Lucene.Net.Analysis.Standard.StandardTokenizerConstants.HOST.html
Lucene.Net.Analysis.Standard.StandardTokenizerConstants.LETTER.html
Lucene.Net.Analysis.Standard.StandardTokenizerConstants.NOISE.html
Lucene.Net.Analysis.Standard.StandardTokenizerConstants.NUM.html
Lucene.Net.Analysis.Standard.StandardTokenizerConstants.P.html
Lucene.Net.Analysis.Standard.StandardTokenizerConstants.tokenImage.html
Lucene.Net.Analysis.Standard.StandardTokenizerTokenManager.html
Lucene.Net.Analysis.Standard.StandardTokenizerTokenManagerMembers.html
Lucene.Net.Analysis.Standard.StandardTokenizerTokenManagerConstructor.html
Lucene.Net.Analysis.Standard.StandardTokenizerTokenManagerConstructor1.html
Lucene.Net.Analysis.Standard.StandardTokenizerTokenManagerConstructor2.html
Lucene.Net.Analysis.Standard.StandardTokenizerTokenManagerFields.html
Lucene.Net.Analysis.Standard.StandardTokenizerTokenManager.curChar.html
Lucene.Net.Analysis.Standard.StandardTokenizerTokenManager.debugStream.html
Lucene.Net.Analysis.Standard.StandardTokenizerTokenManager.input_stream.html
Lucene.Net.Analysis.Standard.StandardTokenizerTokenManager.jjstrLiteralImages.html
Lucene.Net.Analysis.Standard.StandardTokenizerTokenManager.lexStateNames.html
Lucene.Net.Analysis.Standard.StandardTokenizerTokenManagerMethods.html
Lucene.Net.Analysis.Standard.StandardTokenizerTokenManager.Close.html
Lucene.Net.Analysis.Standard.StandardTokenizerTokenManager.GetNextToken.html
Lucene.Net.Analysis.Standard.StandardTokenizerTokenManager.JjFillToken.html
Lucene.Net.Analysis.Standard.StandardTokenizerTokenManager.ReInit_overloads.html
Lucene.Net.Analysis.Standard.StandardTokenizerTokenManager.ReInit_overload_2.html
Lucene.Net.Analysis.Standard.StandardTokenizerTokenManager.ReInit_overload_1.html
Lucene.Net.Analysis.Standard.StandardTokenizerTokenManager.SetDebugStream.html
Lucene.Net.Analysis.Standard.StandardTokenizerTokenManager.SwitchTo.html
Lucene.Net.Analysis.Standard.Token.html
Lucene.Net.Analysis.Standard.TokenMembers.html
Lucene.Net.Analysis.Standard.TokenConstructor.html
Lucene.Net.Analysis.Standard.TokenFields.html
Lucene.Net.Analysis.Standard.Token.beginColumn.html
Lucene.Net.Analysis.Standard.Token.beginLine.html
Lucene.Net.Analysis.Standard.Token.endColumn.html
Lucene.Net.Analysis.Standard.Token.endLine.html
Lucene.Net.Analysis.Standard.Token.image.html
Lucene.Net.Analysis.Standard.Token.kind.html
Lucene.Net.Analysis.Standard.Token.next.html
Lucene.Net.Analysis.Standard.Token.specialToken.html
Lucene.Net.Analysis.Standard.TokenMethods.html
Lucene.Net.Analysis.Standard.Token.NewToken.html
Lucene.Net.Analysis.Standard.Token.ToString.html
Lucene.Net.Analysis.Standard.TokenMgrError.html
Lucene.Net.Analysis.Standard.TokenMgrErrorMembers.html
Lucene.Net.Analysis.Standard.TokenMgrErrorConstructor.html
Lucene.Net.Analysis.Standard.TokenMgrErrorConstructor1.html
Lucene.Net.Analysis.Standard.TokenMgrErrorConstructor2.html
Lucene.Net.Analysis.Standard.TokenMgrErrorConstructor3.html
Lucene.Net.Analysis.Standard.TokenMgrErrorProperties.html
Lucene.Net.Analysis.Standard.TokenMgrError.Message.html
Lucene.Net.Analysis.Standard.TokenMgrErrorMethods.html
Lucene.Net.Analysis.Standard.TokenMgrError.addEscapes.html
Lucene.Net.Analysis.Standard.TokenMgrError.LexicalError.html
Lucene.Net.Documents.html
Lucene.Net.DocumentsHierarchy.html
Lucene.Net.Documents.DateField.html
Lucene.Net.Documents.DateFieldMembers.html
Lucene.Net.Documents.DateFieldMethods.html
Lucene.Net.Documents.DateField.DateToString.html
Lucene.Net.Documents.DateField.MAX_DATE_STRING.html
Lucene.Net.Documents.DateField.MIN_DATE_STRING.html
Lucene.Net.Documents.DateField.StringToDate.html
Lucene.Net.Documents.DateField.StringToTime.html
Lucene.Net.Documents.DateField.TimeToString.html
Lucene.Net.Documents.Document.html
Lucene.Net.Documents.DocumentMembers.html
Lucene.Net.Documents.DocumentConstructor.html
Lucene.Net.Documents.DocumentFields.html
Lucene.Net.Documents.Document.fields.html
Lucene.Net.Documents.DocumentMethods.html
Lucene.Net.Documents.Document.Add.html
Lucene.Net.Documents.Document.Fields.html
Lucene.Net.Documents.Document.Get.html
Lucene.Net.Documents.Document.GetBoost.html
Lucene.Net.Documents.Document.GetField.html
Lucene.Net.Documents.Document.GetFields.html
Lucene.Net.Documents.Document.GetValues.html
Lucene.Net.Documents.Document.RemoveField.html
Lucene.Net.Documents.Document.RemoveFields.html
Lucene.Net.Documents.Document.SetBoost.html
Lucene.Net.Documents.Document.ToString.html
Lucene.Net.Documents.Field.html
Lucene.Net.Documents.FieldMembers.html
Lucene.Net.Documents.FieldConstructor.html
Lucene.Net.Documents.FieldConstructor1.html
Lucene.Net.Documents.FieldConstructor2.html
Lucene.Net.Documents.FieldMethods.html
Lucene.Net.Documents.Field.GetBoost.html
Lucene.Net.Documents.Field.IsIndexed.html
Lucene.Net.Documents.Field.IsStored.html
Lucene.Net.Documents.Field.IsTermVectorStored.html
Lucene.Net.Documents.Field.IsTokenized.html
Lucene.Net.Documents.Field.Keyword_overloads.html
Lucene.Net.Documents.Field.Keyword_overload_2.html
Lucene.Net.Documents.Field.Keyword_overload_1.html
Lucene.Net.Documents.Field.Name.html
Lucene.Net.Documents.Field.ReaderValue.html
Lucene.Net.Documents.Field.SetBoost.html
Lucene.Net.Documents.Field.StringValue.html
Lucene.Net.Documents.Field.Text_overloads.html
Lucene.Net.Documents.Field.Text_overload_3.html
Lucene.Net.Documents.Field.Text_overload_4.html
Lucene.Net.Documents.Field.Text_overload_1.html
Lucene.Net.Documents.Field.Text_overload_2.html
Lucene.Net.Documents.Field.ToString.html
Lucene.Net.Documents.Field.UnIndexed.html
Lucene.Net.Documents.Field.UnStored_overloads.html
Lucene.Net.Documents.Field.UnStored_overload_1.html
Lucene.Net.Documents.Field.UnStored_overload_2.html
Lucene.Net.Index.html
Lucene.Net.IndexHierarchy.html
Lucene.Net.Index.CompoundFileReader.html
Lucene.Net.Index.CompoundFileReaderMembers.html
Lucene.Net.Index.CompoundFileReaderConstructor.html
Lucene.Net.Index.CompoundFileReaderMethods.html
Lucene.Net.Index.CompoundFileReader.Close.html
Lucene.Net.Index.CompoundFileReader.CreateFile.html
Lucene.Net.Index.CompoundFileReader.DeleteFile.html
Lucene.Net.Index.CompoundFileReader.FileExists.html
Lucene.Net.Index.CompoundFileReader.FileLength.html
Lucene.Net.Index.CompoundFileReader.FileModified.html
Lucene.Net.Index.CompoundFileReader.GetDirectory.html
Lucene.Net.Index.CompoundFileReader.GetName.html
Lucene.Net.Index.CompoundFileReader.List.html
Lucene.Net.Index.CompoundFileReader.MakeLock.html
Lucene.Net.Index.CompoundFileReader.OpenFile.html
Lucene.Net.Index.CompoundFileReader.RenameFile.html
Lucene.Net.Index.CompoundFileReader.TouchFile.html
Lucene.Net.Index.CompoundFileReader.CSInputStream.html
Lucene.Net.Index.CompoundFileReader.CSInputStreamMembers.html
Lucene.Net.Index.CompoundFileReader.CSInputStreamFields.html
Lucene.Net.Index.CompoundFileReader.CSInputStream.base_Renamed.html
Lucene.Net.Index.CompoundFileReader.CSInputStreamMethods.html
Lucene.Net.Index.CompoundFileReader.CSInputStream.Close.html
Lucene.Net.Index.CompoundFileReader.CSInputStream.ReadInternal.html
Lucene.Net.Index.CompoundFileReader.CSInputStream.SeekInternal.html
Lucene.Net.Index.CompoundFileWriter.html
Lucene.Net.Index.CompoundFileWriterMembers.html
Lucene.Net.Index.CompoundFileWriterConstructor.html
Lucene.Net.Index.CompoundFileWriterMethods.html
Lucene.Net.Index.CompoundFileWriter.AddFile.html
Lucene.Net.Index.CompoundFileWriter.Close.html
Lucene.Net.Index.CompoundFileWriter.GetDirectory.html
Lucene.Net.Index.CompoundFileWriter.GetName.html
Lucene.Net.Index.DocumentWriter.html
Lucene.Net.Index.DocumentWriterMembers.html
Lucene.Net.Index.DocumentWriterConstructor.html
Lucene.Net.Index.DocumentWriterMethods.html
Lucene.Net.Index.DocumentWriter.AddDocument.html
Lucene.Net.Index.FieldInfo.html
Lucene.Net.Index.FieldInfoMembers.html
Lucene.Net.Index.FieldInfoFields.html
Lucene.Net.Index.FieldInfo.storeTermVector.html
Lucene.Net.Index.FieldInfos.html
Lucene.Net.Index.FieldInfosMembers.html
Lucene.Net.Index.FieldInfosConstructor.html
Lucene.Net.Index.FieldInfosConstructor1.html
Lucene.Net.Index.FieldInfosConstructor2.html
Lucene.Net.Index.FieldInfosMethods.html
Lucene.Net.Index.FieldInfos.Add_overloads.html
Lucene.Net.Index.FieldInfos.Add_overload_1.html
Lucene.Net.Index.FieldInfos.Add_overload_2.html
Lucene.Net.Index.FieldInfos.Add_overload_3.html
Lucene.Net.Index.FieldInfos.Add_overload_4.html
Lucene.Net.Index.FieldInfos.AddIndexed.html
Lucene.Net.Index.FieldInfos.FieldInfo_overloads.html
Lucene.Net.Index.FieldInfos.FieldInfo_overload_2.html
Lucene.Net.Index.FieldInfos.FieldInfo_overload_1.html
Lucene.Net.Index.FieldInfos.FieldName.html
Lucene.Net.Index.FieldInfos.FieldNumber.html
Lucene.Net.Index.FieldInfos.HasVectors.html
Lucene.Net.Index.FieldInfos.Size.html
Lucene.Net.Index.FieldInfos.Write_overloads.html
Lucene.Net.Index.FieldInfos.Write_overload_1.html
Lucene.Net.Index.FieldInfos.Write_overload_2.html
Lucene.Net.Index.FieldsReader.html
Lucene.Net.Index.FieldsReaderMembers.html
Lucene.Net.Index.FieldsReaderConstructor.html
Lucene.Net.Index.FieldsReaderMethods.html
Lucene.Net.Index.FieldsReader.Close.html
Lucene.Net.Index.FieldsReader.Doc.html
Lucene.Net.Index.FieldsReader.Size.html
Lucene.Net.Index.FilterIndexReader.html
Lucene.Net.Index.FilterIndexReaderMembers.html
Lucene.Net.Index.FilterIndexReaderConstructor.html
Lucene.Net.Index.FilterIndexReaderFields.html
Lucene.Net.Index.FilterIndexReader.in_Renamed.html
Lucene.Net.Index.FilterIndexReaderMethods.html
Lucene.Net.Index.FilterIndexReader.DocFreq.html
Lucene.Net.Index.FilterIndexReader.DoClose.html
Lucene.Net.Index.FilterIndexReader.DoCommit.html
Lucene.Net.Index.FilterIndexReader.Document.html
Lucene.Net.Index.FilterIndexReader.DoDelete.html
Lucene.Net.Index.FilterIndexReader.DoSetNorm.html
Lucene.Net.Index.FilterIndexReader.DoUndeleteAll.html
Lucene.Net.Index.FilterIndexReader.GetFieldNames_overloads.html
Lucene.Net.Index.FilterIndexReader.GetFieldNames_overload_2.html
Lucene.Net.Index.FilterIndexReader.GetFieldNames_overload_1.html
Lucene.Net.Index.FilterIndexReader.GetIndexedFieldNames.html
Lucene.Net.Index.FilterIndexReader.GetTermFreqVector.html
Lucene.Net.Index.FilterIndexReader.GetTermFreqVectors.html
Lucene.Net.Index.FilterIndexReader.HasDeletions.html
Lucene.Net.Index.FilterIndexReader.IsDeleted.html
Lucene.Net.Index.FilterIndexReader.MaxDoc.html
Lucene.Net.Index.FilterIndexReader.Norms_overloads.html
Lucene.Net.Index.FilterIndexReader.Norms_overload_2.html
Lucene.Net.Index.FilterIndexReader.Norms_overload_1.html
Lucene.Net.Index.FilterIndexReader.NumDocs.html
Lucene.Net.Index.FilterIndexReader.TermDocs_overloads.html
Lucene.Net.Index.FilterIndexReader.TermDocs_overload_1.html
Lucene.Net.Index.FilterIndexReader.TermPositions_overloads.html
Lucene.Net.Index.FilterIndexReader.TermPositions_overload_1.html
Lucene.Net.Index.FilterIndexReader.Terms_overloads.html
Lucene.Net.Index.FilterIndexReader.Terms_overload_2.html
Lucene.Net.Index.FilterIndexReader.Terms_overload_1.html
Lucene.Net.Index.FilterIndexReader.FilterTermDocs.html
Lucene.Net.Index.FilterIndexReader.FilterTermDocsMembers.html
Lucene.Net.Index.FilterIndexReader.FilterTermDocsConstructor.html
Lucene.Net.Index.FilterIndexReader.FilterTermDocsFields.html
Lucene.Net.Index.FilterIndexReader.FilterTermDocs.in_Renamed.html
Lucene.Net.Index.FilterIndexReader.FilterTermDocsMethods.html
Lucene.Net.Index.FilterIndexReader.FilterTermDocs.Close.html
Lucene.Net.Index.FilterIndexReader.FilterTermDocs.Doc.html
Lucene.Net.Index.FilterIndexReader.FilterTermDocs.Freq.html
Lucene.Net.Index.FilterIndexReader.FilterTermDocs.Next.html
Lucene.Net.Index.FilterIndexReader.FilterTermDocs.Read.html
Lucene.Net.Index.FilterIndexReader.FilterTermDocs.Seek_overloads.html
Lucene.Net.Index.FilterIndexReader.FilterTermDocs.Seek_overload_2.html
Lucene.Net.Index.FilterIndexReader.FilterTermDocs.Seek_overload_1.html
Lucene.Net.Index.FilterIndexReader.FilterTermDocs.SkipTo.html
Lucene.Net.Index.FilterIndexReader.FilterTermEnum.html
Lucene.Net.Index.FilterIndexReader.FilterTermEnumMembers.html
Lucene.Net.Index.FilterIndexReader.FilterTermEnumConstructor.html
Lucene.Net.Index.FilterIndexReader.FilterTermEnumFields.html
Lucene.Net.Index.FilterIndexReader.FilterTermEnum.in_Renamed.html
Lucene.Net.Index.FilterIndexReader.FilterTermEnumMethods.html
Lucene.Net.Index.FilterIndexReader.FilterTermEnum.Close.html
Lucene.Net.Index.FilterIndexReader.FilterTermEnum.DocFreq.html
Lucene.Net.Index.FilterIndexReader.FilterTermEnum.Next.html
Lucene.Net.Index.FilterIndexReader.FilterTermEnum.Term.html
Lucene.Net.Index.FilterIndexReader.FilterTermPositions.html
Lucene.Net.Index.FilterIndexReader.FilterTermPositionsMembers.html
Lucene.Net.Index.FilterIndexReader.FilterTermPositionsConstructor.html
Lucene.Net.Index.FilterIndexReader.FilterTermPositionsMethods.html
Lucene.Net.Index.FilterIndexReader.FilterTermPositions.NextPosition.html
Lucene.Net.Index.IndexReader.html
Lucene.Net.Index.IndexReaderMembers.html
Lucene.Net.Index.IndexReaderConstructor1.html
Lucene.Net.Index.IndexReaderMethods.html
Lucene.Net.Index.IndexReader.Close.html
Lucene.Net.Index.IndexReader.Commit.html
Lucene.Net.Index.IndexReader.Delete_overloads.html
Lucene.Net.Index.IndexReader.Delete_overload_2.html
Lucene.Net.Index.IndexReader.Delete_overload_1.html
Lucene.Net.Index.IndexReader.Directory.html
Lucene.Net.Index.IndexReader.DocFreq.html
Lucene.Net.Index.IndexReader.DoClose.html
Lucene.Net.Index.IndexReader.DoCommit.html
Lucene.Net.Index.IndexReader.Document.html
Lucene.Net.Index.IndexReader.DoDelete.html
Lucene.Net.Index.IndexReader.DoSetNorm.html
Lucene.Net.Index.IndexReader.DoUndeleteAll.html
Lucene.Net.Index.IndexReader.Finalize.html
Lucene.Net.Index.IndexReader.GetCurrentVersion_overloads.html
Lucene.Net.Index.IndexReader.GetCurrentVersion_overload_3.html
Lucene.Net.Index.IndexReader.GetCurrentVersion_overload_2.html
Lucene.Net.Index.IndexReader.GetCurrentVersion_overload_1.html
Lucene.Net.Index.IndexReader.GetFieldNames_overloads.html
Lucene.Net.Index.IndexReader.GetFieldNames_overload_2.html
Lucene.Net.Index.IndexReader.GetFieldNames_overload_1.html
Lucene.Net.Index.IndexReader.GetIndexedFieldNames.html
Lucene.Net.Index.IndexReader.GetTermFreqVector.html
Lucene.Net.Index.IndexReader.GetTermFreqVectors.html
Lucene.Net.Index.IndexReader.HasDeletions.html
Lucene.Net.Index.IndexReader.IndexExists_overloads.html
Lucene.Net.Index.IndexReader.IndexExists_overload_3.html
Lucene.Net.Index.IndexReader.IndexExists_overload_2.html
Lucene.Net.Index.IndexReader.IndexExists_overload_1.html
Lucene.Net.Index.IndexReader.IsDeleted.html
Lucene.Net.Index.IndexReader.IsLocked_overloads.html
Lucene.Net.Index.IndexReader.IsLocked_overload_1.html
Lucene.Net.Index.IndexReader.IsLocked_overload_2.html
Lucene.Net.Index.IndexReader.LastModified_overloads.html
Lucene.Net.Index.IndexReader.LastModified_overload_3.html
Lucene.Net.Index.IndexReader.LastModified_overload_2.html
Lucene.Net.Index.IndexReader.LastModified_overload_1.html
Lucene.Net.Index.IndexReader.MaxDoc.html
Lucene.Net.Index.IndexReader.Norms_overloads.html
Lucene.Net.Index.IndexReader.Norms_overload_2.html
Lucene.Net.Index.IndexReader.Norms_overload_1.html
Lucene.Net.Index.IndexReader.NumDocs.html
Lucene.Net.Index.IndexReader.Open_overloads.html
Lucene.Net.Index.IndexReader.Open_overload_3.html
Lucene.Net.Index.IndexReader.Open_overload_2.html
Lucene.Net.Index.IndexReader.Open_overload_1.html
Lucene.Net.Index.IndexReader.SetNorm_overloads.html
Lucene.Net.Index.IndexReader.SetNorm_overload_2.html
Lucene.Net.Index.IndexReader.SetNorm_overload_1.html
Lucene.Net.Index.IndexReader.TermDocs_overloads.html
Lucene.Net.Index.IndexReader.TermDocs_overload_1.html
Lucene.Net.Index.IndexReader.TermDocs_overload_2.html
Lucene.Net.Index.IndexReader.TermPositions_overloads.html
Lucene.Net.Index.IndexReader.TermPositions_overload_1.html
Lucene.Net.Index.IndexReader.TermPositions_overload_2.html
Lucene.Net.Index.IndexReader.Terms_overloads.html
Lucene.Net.Index.IndexReader.Terms_overload_2.html
Lucene.Net.Index.IndexReader.Terms_overload_1.html
Lucene.Net.Index.IndexReader.UndeleteAll.html
Lucene.Net.Index.IndexReader.Unlock.html
Lucene.Net.Index.IndexWriter.html
Lucene.Net.Index.IndexWriterMembers.html
Lucene.Net.Index.IndexWriterConstructor.html
Lucene.Net.Index.IndexWriterConstructor1.html
Lucene.Net.Index.IndexWriterConstructor2.html
Lucene.Net.Index.IndexWriterConstructor3.html
Lucene.Net.Index.IndexWriterFields.html
Lucene.Net.Index.IndexWriter.COMMIT_LOCK_NAME.html
Lucene.Net.Index.IndexWriter.COMMIT_LOCK_TIMEOUT.html
Lucene.Net.Index.IndexWriter.DEFAULT_MAX_FIELD_LENGTH.html
Lucene.Net.Index.IndexWriter.DEFAULT_MAX_MERGE_DOCS.html
Lucene.Net.Index.IndexWriter.DEFAULT_MERGE_FACTOR.html
Lucene.Net.Index.IndexWriter.DEFAULT_MIN_MERGE_DOCS.html
Lucene.Net.Index.IndexWriter.infoStream.html
Lucene.Net.Index.IndexWriter.maxFieldLength.html
Lucene.Net.Index.IndexWriter.maxMergeDocs.html
Lucene.Net.Index.IndexWriter.mergeFactor.html
Lucene.Net.Index.IndexWriter.minMergeDocs.html
Lucene.Net.Index.IndexWriter.WRITE_LOCK_NAME.html
Lucene.Net.Index.IndexWriter.WRITE_LOCK_TIMEOUT.html
Lucene.Net.Index.IndexWriterMethods.html
Lucene.Net.Index.IndexWriter.AddDocument_overloads.html
Lucene.Net.Index.IndexWriter.AddDocument_overload_2.html
Lucene.Net.Index.IndexWriter.AddDocument_overload_1.html
Lucene.Net.Index.IndexWriter.AddIndexes_overloads.html
Lucene.Net.Index.IndexWriter.AddIndexes_overload_1.html
Lucene.Net.Index.IndexWriter.AddIndexes_overload_2.html
Lucene.Net.Index.IndexWriter.Close.html
Lucene.Net.Index.IndexWriter.DocCount.html
Lucene.Net.Index.IndexWriter.Finalize.html
Lucene.Net.Index.IndexWriter.GetAnalyzer.html
Lucene.Net.Index.IndexWriter.GetSimilarity.html
Lucene.Net.Index.IndexWriter.GetUseCompoundFile.html
Lucene.Net.Index.IndexWriter.Optimize.html
Lucene.Net.Index.IndexWriter.SetSimilarity.html
Lucene.Net.Index.IndexWriter.SetUseCompoundFile.html
Lucene.Net.Index.MultipleTermPositions.html
Lucene.Net.Index.MultipleTermPositionsMembers.html
Lucene.Net.Index.MultipleTermPositionsConstructor.html
Lucene.Net.Index.MultipleTermPositionsMethods.html
Lucene.Net.Index.MultipleTermPositions.Close.html
Lucene.Net.Index.MultipleTermPositions.Doc.html
Lucene.Net.Index.MultipleTermPositions.Freq.html
Lucene.Net.Index.MultipleTermPositions.Next.html
Lucene.Net.Index.MultipleTermPositions.NextPosition.html
Lucene.Net.Index.MultipleTermPositions.Read.html
Lucene.Net.Index.MultipleTermPositions.Seek_overloads.html
Lucene.Net.Index.MultipleTermPositions.Seek_overload_2.html
Lucene.Net.Index.MultipleTermPositions.Seek_overload_1.html
Lucene.Net.Index.MultipleTermPositions.SkipTo.html
Lucene.Net.Index.MultiReader.html
Lucene.Net.Index.MultiReaderMembers.html
Lucene.Net.Index.MultiReaderConstructor.html
Lucene.Net.Index.MultiReaderConstructor1.html
Lucene.Net.Index.MultiReaderConstructor2.html
Lucene.Net.Index.MultiReaderMethods.html
Lucene.Net.Index.MultiReader.DocFreq.html
Lucene.Net.Index.MultiReader.DoClose.html
Lucene.Net.Index.MultiReader.DoCommit.html
Lucene.Net.Index.MultiReader.Document.html
Lucene.Net.Index.MultiReader.DoDelete.html
Lucene.Net.Index.MultiReader.DoSetNorm.html
Lucene.Net.Index.MultiReader.DoUndeleteAll.html
Lucene.Net.Index.MultiReader.GetFieldNames_overloads.html
Lucene.Net.Index.MultiReader.GetFieldNames_overload_2.html
Lucene.Net.Index.MultiReader.GetFieldNames_overload_1.html
Lucene.Net.Index.MultiReader.GetIndexedFieldNames.html
Lucene.Net.Index.MultiReader.GetTermFreqVector.html
Lucene.Net.Index.MultiReader.GetTermFreqVectors.html
Lucene.Net.Index.MultiReader.HasDeletions.html
Lucene.Net.Index.MultiReader.IsDeleted.html
Lucene.Net.Index.MultiReader.MaxDoc.html
Lucene.Net.Index.MultiReader.Norms_overloads.html
Lucene.Net.Index.MultiReader.Norms_overload_2.html
Lucene.Net.Index.MultiReader.Norms_overload_1.html
Lucene.Net.Index.MultiReader.NumDocs.html
Lucene.Net.Index.MultiReader.TermDocs_overloads.html
Lucene.Net.Index.MultiReader.TermDocs_overload_1.html
Lucene.Net.Index.MultiReader.TermPositions_overloads.html
Lucene.Net.Index.MultiReader.TermPositions_overload_1.html
Lucene.Net.Index.MultiReader.Terms_overloads.html
Lucene.Net.Index.MultiReader.Terms_overload_2.html
Lucene.Net.Index.MultiReader.Terms_overload_1.html
Lucene.Net.Index.SegmentInfo.html
Lucene.Net.Index.SegmentInfoMembers.html
Lucene.Net.Index.SegmentInfoConstructor.html
Lucene.Net.Index.SegmentInfoFields.html
Lucene.Net.Index.SegmentInfo.dir.html
Lucene.Net.Index.SegmentInfo.docCount.html
Lucene.Net.Index.SegmentInfo.name.html
Lucene.Net.Index.SegmentInfos.html
Lucene.Net.Index.SegmentInfosMembers.html
Lucene.Net.Index.SegmentInfosConstructor.html
Lucene.Net.Index.SegmentInfosFields.html
Lucene.Net.Index.SegmentInfos.counter.html
Lucene.Net.Index.SegmentInfos.FORMAT.html
Lucene.Net.Index.SegmentInfosMethods.html
Lucene.Net.Index.SegmentInfos.GetVersion.html
Lucene.Net.Index.SegmentInfos.Info.html
Lucene.Net.Index.SegmentInfos.Read.html
Lucene.Net.Index.SegmentInfos.ReadCurrentVersion.html
Lucene.Net.Index.SegmentInfos.Write.html
Lucene.Net.Index.SegmentMerger.html
Lucene.Net.Index.SegmentMergerMembers.html
Lucene.Net.Index.SegmentMergerConstructor.html
Lucene.Net.Index.SegmentMergerMethods.html
Lucene.Net.Index.SegmentMerger.Add.html
Lucene.Net.Index.SegmentMerger.CloseReaders.html
Lucene.Net.Index.SegmentMerger.Merge.html
Lucene.Net.Index.SegmentReader.html
Lucene.Net.Index.SegmentReaderMembers.html
Lucene.Net.Index.SegmentReaderConstructor.html
Lucene.Net.Index.SegmentReaderConstructor1.html
Lucene.Net.Index.SegmentReaderConstructor2.html
Lucene.Net.Index.SegmentReaderMethods.html
Lucene.Net.Index.SegmentReader.DocFreq.html
Lucene.Net.Index.SegmentReader.DoClose.html
Lucene.Net.Index.SegmentReader.DoCommit.html
Lucene.Net.Index.SegmentReader.Document.html
Lucene.Net.Index.SegmentReader.DoDelete.html
Lucene.Net.Index.SegmentReader.DoSetNorm.html
Lucene.Net.Index.SegmentReader.DoUndeleteAll.html
Lucene.Net.Index.SegmentReader.GetFieldNames_overloads.html
Lucene.Net.Index.SegmentReader.GetFieldNames_overload_2.html
Lucene.Net.Index.SegmentReader.GetFieldNames_overload_1.html
Lucene.Net.Index.SegmentReader.GetIndexedFieldNames.html
Lucene.Net.Index.SegmentReader.GetTermFreqVector.html
Lucene.Net.Index.SegmentReader.GetTermFreqVectors.html
Lucene.Net.Index.SegmentReader.HasDeletions.html
Lucene.Net.Index.SegmentReader.IsDeleted.html
Lucene.Net.Index.SegmentReader.MaxDoc.html
Lucene.Net.Index.SegmentReader.Norms_overloads.html
Lucene.Net.Index.SegmentReader.Norms_overload_2.html
Lucene.Net.Index.SegmentReader.Norms_overload_1.html
Lucene.Net.Index.SegmentReader.NumDocs.html
Lucene.Net.Index.SegmentReader.TermDocs_overloads.html
Lucene.Net.Index.SegmentReader.TermDocs_overload_1.html
Lucene.Net.Index.SegmentReader.TermPositions_overloads.html
Lucene.Net.Index.SegmentReader.TermPositions_overload_1.html
Lucene.Net.Index.SegmentReader.Terms_overloads.html
Lucene.Net.Index.SegmentReader.Terms_overload_2.html
Lucene.Net.Index.SegmentReader.Terms_overload_1.html
Lucene.Net.Index.SegmentTermDocs.html
Lucene.Net.Index.SegmentTermDocsMembers.html
Lucene.Net.Index.SegmentTermDocsConstructor.html
Lucene.Net.Index.SegmentTermDocsFields.html
Lucene.Net.Index.SegmentTermDocs.parent.html
Lucene.Net.Index.SegmentTermDocsMethods.html
Lucene.Net.Index.SegmentTermDocs.Close.html
Lucene.Net.Index.SegmentTermDocs.Doc.html
Lucene.Net.Index.SegmentTermDocs.Freq.html
Lucene.Net.Index.SegmentTermDocs.Next.html
Lucene.Net.Index.SegmentTermDocs.Read.html
Lucene.Net.Index.SegmentTermDocs.Seek_overloads.html
Lucene.Net.Index.SegmentTermDocs.Seek_overload_2.html
Lucene.Net.Index.SegmentTermDocs.Seek_overload_1.html
Lucene.Net.Index.SegmentTermDocs.SkippingDoc.html
Lucene.Net.Index.SegmentTermDocs.SkipProx.html
Lucene.Net.Index.SegmentTermDocs.SkipTo.html
Lucene.Net.Index.SegmentTermEnum.html
Lucene.Net.Index.SegmentTermEnumMembers.html
Lucene.Net.Index.SegmentTermEnumMethods.html
Lucene.Net.Index.SegmentTermEnum.Clone.html
Lucene.Net.Index.SegmentTermEnum.Close.html
Lucene.Net.Index.SegmentTermEnum.DocFreq.html
Lucene.Net.Index.SegmentTermEnum.Next.html
Lucene.Net.Index.SegmentTermEnum.Term.html
Lucene.Net.Index.SegmentTermEnum.TermInfo.html
Lucene.Net.Index.Term.html
Lucene.Net.Index.TermMembers.html
Lucene.Net.Index.TermConstructor1.html
Lucene.Net.Index.TermFields.html
Lucene.Net.Index.Term.text.html
Lucene.Net.Index.TermMethods.html
Lucene.Net.Index.Term.CompareTo_overloads.html
Lucene.Net.Index.Term.CompareTo_overload_2.html
Lucene.Net.Index.Term.CompareTo_overload_1.html
Lucene.Net.Index.Term.Equals.html
Lucene.Net.Index.Term.Field.html
Lucene.Net.Index.Term.GetHashCode.html
Lucene.Net.Index.Term.Text.html
Lucene.Net.Index.Term.ToString.html
Lucene.Net.Index.TermDocs.html
Lucene.Net.Index.TermDocsMembers.html
Lucene.Net.Index.TermDocsMethods.html
Lucene.Net.Index.TermDocs.Close.html
Lucene.Net.Index.TermDocs.Doc.html
Lucene.Net.Index.TermDocs.Freq.html
Lucene.Net.Index.TermDocs.Next.html
Lucene.Net.Index.TermDocs.Read.html
Lucene.Net.Index.TermDocs.Seek_overloads.html
Lucene.Net.Index.TermDocs.Seek_overload_2.html
Lucene.Net.Index.TermDocs.Seek_overload_1.html
Lucene.Net.Index.TermDocs.SkipTo.html
Lucene.Net.Index.TermEnum.html
Lucene.Net.Index.TermEnumMembers.html
Lucene.Net.Index.TermEnumConstructor.html
Lucene.Net.Index.TermEnumMethods.html
Lucene.Net.Index.TermEnum.Close.html
Lucene.Net.Index.TermEnum.DocFreq.html
Lucene.Net.Index.TermEnum.Next.html
Lucene.Net.Index.TermEnum.SkipTo.html
Lucene.Net.Index.TermEnum.Term.html
Lucene.Net.Index.TermFreqVector.html
Lucene.Net.Index.TermFreqVectorMembers.html
Lucene.Net.Index.TermFreqVectorMethods.html
Lucene.Net.Index.TermFreqVector.GetField.html
Lucene.Net.Index.TermFreqVector.GetTermFrequencies.html
Lucene.Net.Index.TermFreqVector.GetTerms.html
Lucene.Net.Index.TermFreqVector.IndexesOf.html
Lucene.Net.Index.TermFreqVector.IndexOf.html
Lucene.Net.Index.TermFreqVector.Size.html
Lucene.Net.Index.TermInfo.html
Lucene.Net.Index.TermInfoMembers.html
Lucene.Net.Index.TermInfoConstructor1.html
Lucene.Net.Index.TermInfoFields.html
Lucene.Net.Index.TermInfo.docFreq.html
Lucene.Net.Index.TermInfo.freqPointer.html
Lucene.Net.Index.TermInfo.proxPointer.html
Lucene.Net.Index.TermInfosReader.html
Lucene.Net.Index.TermInfosReaderMembers.html
Lucene.Net.Index.TermInfosReaderConstructor.html
Lucene.Net.Index.TermInfosReaderMethods.html
Lucene.Net.Index.TermInfosReader.Close.html
Lucene.Net.Index.TermInfosReader.Get.html
Lucene.Net.Index.TermInfosReader.GetSkipInterval.html
Lucene.Net.Index.TermInfosReader.Terms_overloads.html
Lucene.Net.Index.TermInfosReader.Terms_overload_1.html
Lucene.Net.Index.TermInfosReader.Terms_overload_2.html
Lucene.Net.Index.TermInfosWriter.html
Lucene.Net.Index.TermInfosWriterMembers.html
Lucene.Net.Index.TermInfosWriterConstructor1.html
Lucene.Net.Index.TermInfosWriterFields.html
Lucene.Net.Index.TermInfosWriter.FORMAT.html
Lucene.Net.Index.TermInfosWriterMethods.html
Lucene.Net.Index.TermInfosWriter.Add.html
Lucene.Net.Index.TermInfosWriter.Close.html
Lucene.Net.Index.TermPositions.html
Lucene.Net.Index.TermPositionsMembers.html
Lucene.Net.Index.TermPositionsMethods.html
Lucene.Net.Index.TermPositions.NextPosition.html
Lucene.Net.Index.TermPositionVector.html
Lucene.Net.Index.TermPositionVectorMembers.html
Lucene.Net.Index.TermPositionVectorMethods.html
Lucene.Net.Index.TermPositionVector.GetTermPositions.html
Lucene.Net.Index.TermVectorsReader.html
Lucene.Net.Index.TermVectorsReaderMembers.html
Lucene.Net.Index.TermVectorsReaderConstructor.html
Lucene.Net.Index.TermVectorsReaderMethods.html
Lucene.Net.Index.TermVectorsReader.Get.html
Lucene.Net.Index.TermVectorsWriter.html
Lucene.Net.Index.TermVectorsWriterMembers.html
Lucene.Net.Index.TermVectorsWriterConstructor.html
Lucene.Net.Index.TermVectorsWriterFields.html
Lucene.Net.Index.TermVectorsWriter.FORMAT_SIZE.html
Lucene.Net.Index.TermVectorsWriter.FORMAT_VERSION.html
Lucene.Net.Index.TermVectorsWriter.TVD_EXTENSION.html
Lucene.Net.Index.TermVectorsWriter.TVF_EXTENSION.html
Lucene.Net.Index.TermVectorsWriter.TVX_EXTENSION.html
Lucene.Net.Index.TermVectorsWriterMethods.html
Lucene.Net.Index.TermVectorsWriter.AddTerm.html
Lucene.Net.Index.TermVectorsWriter.AddTermFreqVector.html
Lucene.Net.Index.TermVectorsWriter.AddVectors.html
Lucene.Net.Index.TermVectorsWriter.Close.html
Lucene.Net.Index.TermVectorsWriter.CloseDocument.html
Lucene.Net.Index.TermVectorsWriter.CloseField.html
Lucene.Net.Index.TermVectorsWriter.IsDocumentOpen.html
Lucene.Net.Index.TermVectorsWriter.IsFieldOpen.html
Lucene.Net.Index.TermVectorsWriter.OpenDocument.html
Lucene.Net.Index.TermVectorsWriter.OpenField.html
Lucene.Net.QueryParsers.html
Lucene.Net.QueryParsersHierarchy.html
Lucene.Net.QueryParsers.CharStream.html
Lucene.Net.QueryParsers.CharStreamMembers.html
Lucene.Net.QueryParsers.CharStreamMethods.html
Lucene.Net.QueryParsers.CharStream.Backup.html
Lucene.Net.QueryParsers.CharStream.BeginToken.html
Lucene.Net.QueryParsers.CharStream.Done.html
Lucene.Net.QueryParsers.CharStream.GetBeginColumn.html
Lucene.Net.QueryParsers.CharStream.GetBeginLine.html
Lucene.Net.QueryParsers.CharStream.GetColumn.html
Lucene.Net.QueryParsers.CharStream.GetEndColumn.html
Lucene.Net.QueryParsers.CharStream.GetEndLine.html
Lucene.Net.QueryParsers.CharStream.GetImage.html
Lucene.Net.QueryParsers.CharStream.GetLine.html
Lucene.Net.QueryParsers.CharStream.GetSuffix.html
Lucene.Net.QueryParsers.CharStream.ReadChar.html
Lucene.Net.QueryParsers.FastCharStream.html
Lucene.Net.QueryParsers.FastCharStreamMembers.html
Lucene.Net.QueryParsers.FastCharStreamConstructor.html
Lucene.Net.QueryParsers.FastCharStreamMethods.html
Lucene.Net.QueryParsers.FastCharStream.Backup.html
Lucene.Net.QueryParsers.FastCharStream.BeginToken.html
Lucene.Net.QueryParsers.FastCharStream.Done.html
Lucene.Net.QueryParsers.FastCharStream.GetBeginColumn.html
Lucene.Net.QueryParsers.FastCharStream.GetBeginLine.html
Lucene.Net.QueryParsers.FastCharStream.GetColumn.html
Lucene.Net.QueryParsers.FastCharStream.GetEndColumn.html
Lucene.Net.QueryParsers.FastCharStream.GetEndLine.html
Lucene.Net.QueryParsers.FastCharStream.GetImage.html
Lucene.Net.QueryParsers.FastCharStream.GetLine.html
Lucene.Net.QueryParsers.FastCharStream.GetSuffix.html
Lucene.Net.QueryParsers.FastCharStream.ReadChar.html
Lucene.Net.QueryParsers.MultiFieldQueryParser.html
Lucene.Net.QueryParsers.MultiFieldQueryParserMembers.html
Lucene.Net.QueryParsers.MultiFieldQueryParserConstructor.html
Lucene.Net.QueryParsers.MultiFieldQueryParserConstructor1.html
Lucene.Net.QueryParsers.MultiFieldQueryParserConstructor2.html
Lucene.Net.QueryParsers.MultiFieldQueryParserConstructor3.html
Lucene.Net.QueryParsers.MultiFieldQueryParserFields.html
Lucene.Net.QueryParsers.MultiFieldQueryParser.NORMAL_FIELD.html
Lucene.Net.QueryParsers.MultiFieldQueryParser.PROHIBITED_FIELD.html
Lucene.Net.QueryParsers.MultiFieldQueryParser.REQUIRED_FIELD.html
Lucene.Net.QueryParsers.MultiFieldQueryParserMethods.html
Lucene.Net.QueryParsers.MultiFieldQueryParser.Parse_overloads.html
Lucene.Net.QueryParsers.MultiFieldQueryParser.Parse_overload_2.html
Lucene.Net.QueryParsers.MultiFieldQueryParser.Parse_overload_3.html
Lucene.Net.QueryParsers.ParseException.html
Lucene.Net.QueryParsers.ParseExceptionMembers.html
Lucene.Net.QueryParsers.ParseExceptionConstructor.html
Lucene.Net.QueryParsers.ParseExceptionConstructor1.html
Lucene.Net.QueryParsers.ParseExceptionConstructor2.html
Lucene.Net.QueryParsers.ParseExceptionConstructor3.html
Lucene.Net.QueryParsers.ParseExceptionFields.html
Lucene.Net.QueryParsers.ParseException.currentToken.html
Lucene.Net.QueryParsers.ParseException.eol.html
Lucene.Net.QueryParsers.ParseException.expectedTokenSequences.html
Lucene.Net.QueryParsers.ParseException.specialConstructor.html
Lucene.Net.QueryParsers.ParseException.tokenImage.html
Lucene.Net.QueryParsers.ParseExceptionProperties.html
Lucene.Net.QueryParsers.ParseException.Message.html
Lucene.Net.QueryParsers.ParseExceptionMethods.html
Lucene.Net.QueryParsers.ParseException.Add_escapes.html
Lucene.Net.QueryParsers.QueryParser.html
Lucene.Net.QueryParsers.QueryParserMembers.html
Lucene.Net.QueryParsers.QueryParserConstructor.html
Lucene.Net.QueryParsers.QueryParserConstructor1.html
Lucene.Net.QueryParsers.QueryParserConstructor2.html
Lucene.Net.QueryParsers.QueryParserConstructor3.html
Lucene.Net.QueryParsers.QueryParserFields.html
Lucene.Net.QueryParsers.QueryParser.DEFAULT_OPERATOR_AND.html
Lucene.Net.QueryParsers.QueryParser.DEFAULT_OPERATOR_OR.html
Lucene.Net.QueryParsers.QueryParser.jj_nt.html
Lucene.Net.QueryParsers.QueryParser.lookingAhead.html
Lucene.Net.QueryParsers.QueryParser.token.html
Lucene.Net.QueryParsers.QueryParser.token_source.html
Lucene.Net.QueryParsers.QueryParserMethods.html
Lucene.Net.QueryParsers.QueryParser.AddClause.html
Lucene.Net.QueryParsers.QueryParser.Clause.html
Lucene.Net.QueryParsers.QueryParser.Conjunction.html
Lucene.Net.QueryParsers.QueryParser.Disable_tracing.html
Lucene.Net.QueryParsers.QueryParser.Enable_tracing.html
Lucene.Net.QueryParsers.QueryParser.Escape.html
Lucene.Net.QueryParsers.QueryParser.GenerateParseException.html
Lucene.Net.QueryParsers.QueryParser.GetAnalyzer.html
Lucene.Net.QueryParsers.QueryParser.GetBooleanQuery.html
Lucene.Net.QueryParsers.QueryParser.GetField.html
Lucene.Net.QueryParsers.QueryParser.GetFieldQuery_overloads.html
Lucene.Net.QueryParsers.QueryParser.GetFieldQuery_overload_4.html
Lucene.Net.QueryParsers.QueryParser.GetFieldQuery_overload_2.html
Lucene.Net.QueryParsers.QueryParser.GetFieldQuery_overload_3.html
Lucene.Net.QueryParsers.QueryParser.GetFieldQuery_overload_1.html
Lucene.Net.QueryParsers.QueryParser.GetFuzzyMinSim.html
Lucene.Net.QueryParsers.QueryParser.GetFuzzyQuery_overloads.html
Lucene.Net.QueryParsers.QueryParser.GetFuzzyQuery_overload_2.html
Lucene.Net.QueryParsers.QueryParser.GetFuzzyQuery_overload_1.html
Lucene.Net.QueryParsers.QueryParser.GetLocale.html
Lucene.Net.QueryParsers.QueryParser.GetLowercaseWildcardTerms.html
Lucene.Net.QueryParsers.QueryParser.GetNextToken.html
Lucene.Net.QueryParsers.QueryParser.GetOperator.html
Lucene.Net.QueryParsers.QueryParser.GetPhraseSlop.html
Lucene.Net.QueryParsers.QueryParser.GetPrefixQuery.html
Lucene.Net.QueryParsers.QueryParser.GetRangeQuery_overloads.html
Lucene.Net.QueryParsers.QueryParser.GetRangeQuery_overload_2.html
Lucene.Net.QueryParsers.QueryParser.GetRangeQuery_overload_1.html
Lucene.Net.QueryParsers.QueryParser.GetToken.html
Lucene.Net.QueryParsers.QueryParser.GetWildcardQuery.html
Lucene.Net.QueryParsers.QueryParser.Main.html
Lucene.Net.QueryParsers.QueryParser.Modifiers.html
Lucene.Net.QueryParsers.QueryParser.Parse_overloads.html
Lucene.Net.QueryParsers.QueryParser.Parse_overload_1.html
Lucene.Net.QueryParsers.QueryParser.Parse_overload_2.html
Lucene.Net.QueryParsers.QueryParser.Query.html
Lucene.Net.QueryParsers.QueryParser.ReInit_overloads.html
Lucene.Net.QueryParsers.QueryParser.ReInit_overload_2.html
Lucene.Net.QueryParsers.QueryParser.ReInit_overload_1.html
Lucene.Net.QueryParsers.QueryParser.SetFuzzyMinSim.html
Lucene.Net.QueryParsers.QueryParser.SetLocale.html
Lucene.Net.QueryParsers.QueryParser.SetLowercaseWildcardTerms.html
Lucene.Net.QueryParsers.QueryParser.SetOperator.html
Lucene.Net.QueryParsers.QueryParser.SetPhraseSlop.html
Lucene.Net.QueryParsers.QueryParser.Term.html
Lucene.Net.QueryParsers.QueryParserConstants.html
Lucene.Net.QueryParsers.QueryParserConstantsMembers.html
Lucene.Net.QueryParsers.QueryParserConstantsConstructor.html
Lucene.Net.QueryParsers.QueryParserConstantsFields.html
Lucene.Net.QueryParsers.QueryParserConstants._ESCAPED_CHAR.html
Lucene.Net.QueryParsers.QueryParserConstants._NUM_CHAR.html
Lucene.Net.QueryParsers.QueryParserConstants._TERM_CHAR.html
Lucene.Net.QueryParsers.QueryParserConstants._TERM_START_CHAR.html
Lucene.Net.QueryParsers.QueryParserConstants._WHITESPACE.html
Lucene.Net.QueryParsers.QueryParserConstants.AND.html
Lucene.Net.QueryParsers.QueryParserConstants.Boost.html
Lucene.Net.QueryParsers.QueryParserConstants.CARAT.html
Lucene.Net.QueryParsers.QueryParserConstants.COLON.html
Lucene.Net.QueryParsers.QueryParserConstants.DEFAULT.html
Lucene.Net.QueryParsers.QueryParserConstants.EOF.html
Lucene.Net.QueryParsers.QueryParserConstants.FUZZY_SLOP.html
Lucene.Net.QueryParsers.QueryParserConstants.LPAREN.html
Lucene.Net.QueryParsers.QueryParserConstants.MINUS.html
Lucene.Net.QueryParsers.QueryParserConstants.NOT.html
Lucene.Net.QueryParsers.QueryParserConstants.NUMBER.html
Lucene.Net.QueryParsers.QueryParserConstants.OR.html
Lucene.Net.QueryParsers.QueryParserConstants.PLUS.html
Lucene.Net.QueryParsers.QueryParserConstants.PREFIXTERM.html
Lucene.Net.QueryParsers.QueryParserConstants.QUOTED.html
Lucene.Net.QueryParsers.QueryParserConstants.RangeEx.html
Lucene.Net.QueryParsers.QueryParserConstants.RANGEEX_END.html
Lucene.Net.QueryParsers.QueryParserConstants.RANGEEX_GOOP.html
Lucene.Net.QueryParsers.QueryParserConstants.RANGEEX_QUOTED.html
Lucene.Net.QueryParsers.QueryParserConstants.RANGEEX_START.html
Lucene.Net.QueryParsers.QueryParserConstants.RANGEEX_TO.html
Lucene.Net.QueryParsers.QueryParserConstants.RangeIn.html
Lucene.Net.QueryParsers.QueryParserConstants.RANGEIN_END.html
Lucene.Net.QueryParsers.QueryParserConstants.RANGEIN_GOOP.html
Lucene.Net.QueryParsers.QueryParserConstants.RANGEIN_QUOTED.html
Lucene.Net.QueryParsers.QueryParserConstants.RANGEIN_START.html
Lucene.Net.QueryParsers.QueryParserConstants.RANGEIN_TO.html
Lucene.Net.QueryParsers.QueryParserConstants.RPAREN.html
Lucene.Net.QueryParsers.QueryParserConstants.TERM.html
Lucene.Net.QueryParsers.QueryParserConstants.tokenImage.html
Lucene.Net.QueryParsers.QueryParserConstants.WILDTERM.html
Lucene.Net.QueryParsers.QueryParserTokenManager.html
Lucene.Net.QueryParsers.QueryParserTokenManagerMembers.html
Lucene.Net.QueryParsers.QueryParserTokenManagerConstructor.html
Lucene.Net.QueryParsers.QueryParserTokenManagerConstructor1.html
Lucene.Net.QueryParsers.QueryParserTokenManagerConstructor2.html
Lucene.Net.QueryParsers.QueryParserTokenManagerFields.html
Lucene.Net.QueryParsers.QueryParserTokenManager.curChar.html
Lucene.Net.QueryParsers.QueryParserTokenManager.debugStream.html
Lucene.Net.QueryParsers.QueryParserTokenManager.input_stream.html
Lucene.Net.QueryParsers.QueryParserTokenManager.jjnewLexState.html
Lucene.Net.QueryParsers.QueryParserTokenManager.jjstrLiteralImages.html
Lucene.Net.QueryParsers.QueryParserTokenManager.lexStateNames.html
Lucene.Net.QueryParsers.QueryParserTokenManagerMethods.html
Lucene.Net.QueryParsers.QueryParserTokenManager.GetNextToken.html
Lucene.Net.QueryParsers.QueryParserTokenManager.JjFillToken.html
Lucene.Net.QueryParsers.QueryParserTokenManager.ReInit_overloads.html
Lucene.Net.QueryParsers.QueryParserTokenManager.ReInit_overload_2.html
Lucene.Net.QueryParsers.QueryParserTokenManager.ReInit_overload_1.html
Lucene.Net.QueryParsers.QueryParserTokenManager.SetDebugStream.html
Lucene.Net.QueryParsers.QueryParserTokenManager.SwitchTo.html
Lucene.Net.QueryParsers.Token.html
Lucene.Net.QueryParsers.TokenMembers.html
Lucene.Net.QueryParsers.TokenConstructor.html
Lucene.Net.QueryParsers.TokenFields.html
Lucene.Net.QueryParsers.Token.beginColumn.html
Lucene.Net.QueryParsers.Token.beginLine.html
Lucene.Net.QueryParsers.Token.endColumn.html
Lucene.Net.QueryParsers.Token.endLine.html
Lucene.Net.QueryParsers.Token.image.html
Lucene.Net.QueryParsers.Token.kind.html
Lucene.Net.QueryParsers.Token.next.html
Lucene.Net.QueryParsers.Token.specialToken.html
Lucene.Net.QueryParsers.TokenMethods.html
Lucene.Net.QueryParsers.Token.NewToken.html
Lucene.Net.QueryParsers.Token.ToString.html
Lucene.Net.QueryParsers.TokenMgrError.html
Lucene.Net.QueryParsers.TokenMgrErrorMembers.html
Lucene.Net.QueryParsers.TokenMgrErrorConstructor.html
Lucene.Net.QueryParsers.TokenMgrErrorConstructor1.html
Lucene.Net.QueryParsers.TokenMgrErrorConstructor2.html
Lucene.Net.QueryParsers.TokenMgrErrorConstructor3.html
Lucene.Net.QueryParsers.TokenMgrErrorProperties.html
Lucene.Net.QueryParsers.TokenMgrError.Message.html
Lucene.Net.QueryParsers.TokenMgrErrorMethods.html
Lucene.Net.QueryParsers.TokenMgrError.addEscapes.html
Lucene.Net.QueryParsers.TokenMgrError.LexicalError.html
Lucene.Net.Search.html
Lucene.Net.SearchHierarchy.html
Lucene.Net.Search.AnonymousClassScoreDocComparator.html
Lucene.Net.Search.AnonymousClassScoreDocComparatorMembers.html
Lucene.Net.Search.AnonymousClassScoreDocComparatorConstructor.html
Lucene.Net.Search.AnonymousClassScoreDocComparatorMethods.html
Lucene.Net.Search.AnonymousClassScoreDocComparator.Compare.html
Lucene.Net.Search.AnonymousClassScoreDocComparator.SortType.html
Lucene.Net.Search.AnonymousClassScoreDocComparator.SortValue.html
Lucene.Net.Search.AnonymousClassScoreDocComparator1.html
Lucene.Net.Search.AnonymousClassScoreDocComparator1Members.html
Lucene.Net.Search.AnonymousClassScoreDocComparator1Constructor.html
Lucene.Net.Search.AnonymousClassScoreDocComparator1Methods.html
Lucene.Net.Search.AnonymousClassScoreDocComparator1.Compare.html
Lucene.Net.Search.AnonymousClassScoreDocComparator1.SortType.html
Lucene.Net.Search.AnonymousClassScoreDocComparator1.SortValue.html
Lucene.Net.Search.BooleanClause.html
Lucene.Net.Search.BooleanClauseMembers.html
Lucene.Net.Search.BooleanClauseConstructor.html
Lucene.Net.Search.BooleanClauseFields.html
Lucene.Net.Search.BooleanClause.prohibited.html
Lucene.Net.Search.BooleanClause.query.html
Lucene.Net.Search.BooleanClause.required.html
Lucene.Net.Search.BooleanClauseMethods.html
Lucene.Net.Search.BooleanClause.Equals.html
Lucene.Net.Search.BooleanClause.GetHashCode.html
Lucene.Net.Search.BooleanQuery.html
Lucene.Net.Search.BooleanQueryMembers.html
Lucene.Net.Search.BooleanQueryConstructor.html
Lucene.Net.Search.BooleanQueryFields.html
Lucene.Net.Search.BooleanQuery.maxClauseCount.html
Lucene.Net.Search.BooleanQueryMethods.html
Lucene.Net.Search.BooleanQuery.Add_overloads.html
Lucene.Net.Search.BooleanQuery.Add_overload_1.html
Lucene.Net.Search.BooleanQuery.Add_overload_2.html
Lucene.Net.Search.BooleanQuery.Clone.html
Lucene.Net.Search.BooleanQuery.CreateWeight.html
Lucene.Net.Search.BooleanQuery.Equals.html
Lucene.Net.Search.BooleanQuery.GetClauses.html
Lucene.Net.Search.BooleanQuery.GetHashCode.html
Lucene.Net.Search.BooleanQuery.GetMaxClauseCount.html
Lucene.Net.Search.BooleanQuery.Rewrite.html
Lucene.Net.Search.BooleanQuery.SetMaxClauseCount.html
Lucene.Net.Search.BooleanQuery.ToString_overloads.html
Lucene.Net.Search.BooleanQuery.ToString_overload_1.html
Lucene.Net.Search.BooleanQuery.TooManyClauses.html
Lucene.Net.Search.BooleanQuery.TooManyClausesMembers.html
Lucene.Net.Search.BooleanQuery.TooManyClausesConstructor.html
Lucene.Net.Search.CachingWrapperFilter.html
Lucene.Net.Search.CachingWrapperFilterMembers.html
Lucene.Net.Search.CachingWrapperFilterConstructor.html
Lucene.Net.Search.CachingWrapperFilterMethods.html
Lucene.Net.Search.CachingWrapperFilter.Bits.html
Lucene.Net.Search.CachingWrapperFilter.ToString.html
Lucene.Net.Search.DateFilter.html
Lucene.Net.Search.DateFilterMembers.html
Lucene.Net.Search.DateFilterConstructor.html
Lucene.Net.Search.DateFilterConstructor1.html
Lucene.Net.Search.DateFilterConstructor2.html
Lucene.Net.Search.DateFilterMethods.html
Lucene.Net.Search.DateFilter.After_overloads.html
Lucene.Net.Search.DateFilter.After_overload_1.html
Lucene.Net.Search.DateFilter.After_overload_2.html
Lucene.Net.Search.DateFilter.Before_overloads.html
Lucene.Net.Search.DateFilter.Before_overload_1.html
Lucene.Net.Search.DateFilter.Before_overload_2.html
Lucene.Net.Search.DateFilter.Bits.html
Lucene.Net.Search.DateFilter.ToString.html
Lucene.Net.Search.DefaultSimilarity.html
Lucene.Net.Search.DefaultSimilarityMembers.html
Lucene.Net.Search.DefaultSimilarityConstructor.html
Lucene.Net.Search.DefaultSimilarityMethods.html
Lucene.Net.Search.DefaultSimilarity.Coord.html
Lucene.Net.Search.DefaultSimilarity.Idf_overloads.html
Lucene.Net.Search.DefaultSimilarity.Idf_overload_1.html
Lucene.Net.Search.DefaultSimilarity.LengthNorm.html
Lucene.Net.Search.DefaultSimilarity.QueryNorm.html
Lucene.Net.Search.DefaultSimilarity.SloppyFreq.html
Lucene.Net.Search.DefaultSimilarity.Tf_overloads.html
Lucene.Net.Search.DefaultSimilarity.Tf_overload_1.html
Lucene.Net.Search.Explanation.html
Lucene.Net.Search.ExplanationMembers.html
Lucene.Net.Search.ExplanationConstructor.html
Lucene.Net.Search.ExplanationConstructor1.html
Lucene.Net.Search.ExplanationConstructor2.html
Lucene.Net.Search.ExplanationMethods.html
Lucene.Net.Search.Explanation.AddDetail.html
Lucene.Net.Search.Explanation.GetDescription.html
Lucene.Net.Search.Explanation.GetDetails.html
Lucene.Net.Search.Explanation.GetValue.html
Lucene.Net.Search.Explanation.SetDescription.html
Lucene.Net.Search.Explanation.SetValue.html
Lucene.Net.Search.Explanation.ToHtml.html
Lucene.Net.Search.Explanation.ToString.html
Lucene.Net.Search.FieldCache.html
Lucene.Net.Search.FieldCacheMembers.html
Lucene.Net.Search.FieldCacheMethods.html
Lucene.Net.Search.FieldCache.GetAuto.html
Lucene.Net.Search.FieldCache.GetCustom.html
Lucene.Net.Search.FieldCache.GetFloats.html
Lucene.Net.Search.FieldCache.GetInts.html
Lucene.Net.Search.FieldCache.GetStringIndex.html
Lucene.Net.Search.FieldCache.GetStrings.html
Lucene.Net.Search.FieldCache_Fields.html
Lucene.Net.Search.FieldCache_FieldsMembers.html
Lucene.Net.Search.FieldCache_FieldsFields.html
Lucene.Net.Search.FieldCache_Fields.DEFAULT.html
Lucene.Net.Search.FieldCache_Fields.STRING_INDEX.html
Lucene.Net.Search.FieldDoc.html
Lucene.Net.Search.FieldDocMembers.html
Lucene.Net.Search.FieldDocConstructor.html
Lucene.Net.Search.FieldDocConstructor1.html
Lucene.Net.Search.FieldDocConstructor2.html
Lucene.Net.Search.FieldDocFields.html
Lucene.Net.Search.FieldDoc.fields.html
Lucene.Net.Search.Filter.html
Lucene.Net.Search.FilterMembers.html
Lucene.Net.Search.FilterConstructor.html
Lucene.Net.Search.FilterMethods.html
Lucene.Net.Search.Filter.Bits.html
Lucene.Net.Search.FilteredQuery.html
Lucene.Net.Search.FilteredQueryMembers.html
Lucene.Net.Search.FilteredQueryConstructor.html
Lucene.Net.Search.FilteredQueryMethods.html
Lucene.Net.Search.FilteredQuery.CreateWeight.html
Lucene.Net.Search.FilteredQuery.Equals.html
Lucene.Net.Search.FilteredQuery.GetHashCode.html
Lucene.Net.Search.FilteredQuery.GetQuery.html
Lucene.Net.Search.FilteredQuery.Rewrite.html
Lucene.Net.Search.FilteredQuery.ToString_overloads.html
Lucene.Net.Search.FilteredQuery.ToString_overload_1.html
Lucene.Net.Search.FilteredTermEnum.html
Lucene.Net.Search.FilteredTermEnumMembers.html
Lucene.Net.Search.FilteredTermEnumConstructor.html
Lucene.Net.Search.FilteredTermEnumMethods.html
Lucene.Net.Search.FilteredTermEnum.Close.html
Lucene.Net.Search.FilteredTermEnum.Difference.html
Lucene.Net.Search.FilteredTermEnum.DocFreq.html
Lucene.Net.Search.FilteredTermEnum.EndEnum.html
Lucene.Net.Search.FilteredTermEnum.Next.html
Lucene.Net.Search.FilteredTermEnum.SetEnum.html
Lucene.Net.Search.FilteredTermEnum.Term.html
Lucene.Net.Search.FilteredTermEnum.TermCompare.html
Lucene.Net.Search.FuzzyQuery.html
Lucene.Net.Search.FuzzyQueryMembers.html
Lucene.Net.Search.FuzzyQueryConstructor.html
Lucene.Net.Search.FuzzyQueryConstructor1.html
Lucene.Net.Search.FuzzyQueryConstructor2.html
Lucene.Net.Search.FuzzyQueryConstructor3.html
Lucene.Net.Search.FuzzyQueryFields.html
Lucene.Net.Search.FuzzyQuery.defaultMinSimilarity.html
Lucene.Net.Search.FuzzyQueryMethods.html
Lucene.Net.Search.FuzzyQuery.GetEnum.html
Lucene.Net.Search.FuzzyQuery.GetMinSimilarity.html
Lucene.Net.Search.FuzzyQuery.GetPrefixLength.html
Lucene.Net.Search.FuzzyQuery.ToString_overloads.html
Lucene.Net.Search.FuzzyQuery.ToString_overload_1.html
Lucene.Net.Search.FuzzyTermEnum.html
Lucene.Net.Search.FuzzyTermEnumMembers.html
Lucene.Net.Search.FuzzyTermEnumConstructor.html
Lucene.Net.Search.FuzzyTermEnumConstructor1.html
Lucene.Net.Search.FuzzyTermEnumConstructor2.html
Lucene.Net.Search.FuzzyTermEnumConstructor3.html
Lucene.Net.Search.FuzzyTermEnumMethods.html
Lucene.Net.Search.FuzzyTermEnum.Close.html
Lucene.Net.Search.FuzzyTermEnum.Difference.html
Lucene.Net.Search.FuzzyTermEnum.EndEnum.html
Lucene.Net.Search.FuzzyTermEnum.TermCompare.html
Lucene.Net.Search.HitCollector.html
Lucene.Net.Search.HitCollectorMembers.html
Lucene.Net.Search.HitCollectorConstructor.html
Lucene.Net.Search.HitCollectorMethods.html
Lucene.Net.Search.HitCollector.Collect.html
Lucene.Net.Search.Hits.html
Lucene.Net.Search.HitsMembers.html
Lucene.Net.Search.HitsMethods.html
Lucene.Net.Search.Hits.Doc.html
Lucene.Net.Search.Hits.Id.html
Lucene.Net.Search.Hits.Length.html
Lucene.Net.Search.Hits.Score.html
Lucene.Net.Search.IndexSearcher.html
Lucene.Net.Search.IndexSearcherMembers.html
Lucene.Net.Search.IndexSearcherConstructor.html
Lucene.Net.Search.IndexSearcherConstructor1.html
Lucene.Net.Search.IndexSearcherConstructor2.html
Lucene.Net.Search.IndexSearcherConstructor3.html
Lucene.Net.Search.IndexSearcherFields.html
Lucene.Net.Search.IndexSearcher.reader.html
Lucene.Net.Search.IndexSearcherMethods.html
Lucene.Net.Search.IndexSearcher.Close.html
Lucene.Net.Search.IndexSearcher.Doc.html
Lucene.Net.Search.IndexSearcher.DocFreq.html
Lucene.Net.Search.IndexSearcher.Explain.html
Lucene.Net.Search.IndexSearcher.MaxDoc.html
Lucene.Net.Search.IndexSearcher.Rewrite.html
Lucene.Net.Search.IndexSearcher.Search_overloads.html
Lucene.Net.Search.IndexSearcher.Search_overload_3.html
Lucene.Net.Search.IndexSearcher.Search_overload_2.html
Lucene.Net.Search.IndexSearcher.Search_overload_1.html
Lucene.Net.Search.MultiSearcher.html
Lucene.Net.Search.MultiSearcherMembers.html
Lucene.Net.Search.MultiSearcherConstructor.html
Lucene.Net.Search.MultiSearcherMethods.html
Lucene.Net.Search.MultiSearcher.Close.html
Lucene.Net.Search.MultiSearcher.Doc.html
Lucene.Net.Search.MultiSearcher.DocFreq.html
Lucene.Net.Search.MultiSearcher.Explain.html
Lucene.Net.Search.MultiSearcher.GetStarts.html
Lucene.Net.Search.MultiSearcher.MaxDoc.html
Lucene.Net.Search.MultiSearcher.Rewrite.html
Lucene.Net.Search.MultiSearcher.Search_overloads.html
Lucene.Net.Search.MultiSearcher.Search_overload_3.html
Lucene.Net.Search.MultiSearcher.Search_overload_2.html
Lucene.Net.Search.MultiSearcher.Search_overload_1.html
Lucene.Net.Search.MultiSearcher.SearcherIndex.html
Lucene.Net.Search.MultiSearcher.SubDoc.html
Lucene.Net.Search.MultiSearcher.SubSearcher.html
Lucene.Net.Search.MultiTermQuery.html
Lucene.Net.Search.MultiTermQueryMembers.html
Lucene.Net.Search.MultiTermQueryConstructor.html
Lucene.Net.Search.MultiTermQueryMethods.html
Lucene.Net.Search.MultiTermQuery.Combine.html
Lucene.Net.Search.MultiTermQuery.GetEnum.html
Lucene.Net.Search.MultiTermQuery.GetTerm.html
Lucene.Net.Search.MultiTermQuery.Rewrite.html
Lucene.Net.Search.MultiTermQuery.ToString_overloads.html
Lucene.Net.Search.MultiTermQuery.ToString_overload_1.html
Lucene.Net.Search.ParallelMultiSearcher.html
Lucene.Net.Search.ParallelMultiSearcherMembers.html
Lucene.Net.Search.ParallelMultiSearcherConstructor.html
Lucene.Net.Search.ParallelMultiSearcherMethods.html
Lucene.Net.Search.ParallelMultiSearcher.DocFreq.html
Lucene.Net.Search.ParallelMultiSearcher.Rewrite.html
Lucene.Net.Search.ParallelMultiSearcher.Search_overloads.html
Lucene.Net.Search.ParallelMultiSearcher.Search_overload_3.html
Lucene.Net.Search.ParallelMultiSearcher.Search_overload_2.html
Lucene.Net.Search.ParallelMultiSearcher.Search_overload_1.html
Lucene.Net.Search.PhrasePrefixQuery.html
Lucene.Net.Search.PhrasePrefixQueryMembers.html
Lucene.Net.Search.PhrasePrefixQueryConstructor.html
Lucene.Net.Search.PhrasePrefixQueryMethods.html
Lucene.Net.Search.PhrasePrefixQuery.Add_overloads.html
Lucene.Net.Search.PhrasePrefixQuery.Add_overload_3.html
Lucene.Net.Search.PhrasePrefixQuery.Add_overload_2.html
Lucene.Net.Search.PhrasePrefixQuery.Add_overload_1.html
Lucene.Net.Search.PhrasePrefixQuery.Clone.html
Lucene.Net.Search.PhrasePrefixQuery.CreateWeight.html
Lucene.Net.Search.PhrasePrefixQuery.GetPositions.html
Lucene.Net.Search.PhrasePrefixQuery.GetSlop.html
Lucene.Net.Search.PhrasePrefixQuery.SetSlop.html
Lucene.Net.Search.PhrasePrefixQuery.ToString_overloads.html
Lucene.Net.Search.PhrasePrefixQuery.ToString_overload_1.html
Lucene.Net.Search.PhraseQuery.html
Lucene.Net.Search.PhraseQueryMembers.html
Lucene.Net.Search.PhraseQueryConstructor.html
Lucene.Net.Search.PhraseQueryMethods.html
Lucene.Net.Search.PhraseQuery.Add_overloads.html
Lucene.Net.Search.PhraseQuery.Add_overload_2.html
Lucene.Net.Search.PhraseQuery.Add_overload_1.html
Lucene.Net.Search.PhraseQuery.Clone.html
Lucene.Net.Search.PhraseQuery.CreateWeight.html
Lucene.Net.Search.PhraseQuery.Equals.html
Lucene.Net.Search.PhraseQuery.GetHashCode.html
Lucene.Net.Search.PhraseQuery.GetPositions.html
Lucene.Net.Search.PhraseQuery.GetSlop.html
Lucene.Net.Search.PhraseQuery.GetTerms.html
Lucene.Net.Search.PhraseQuery.SetSlop.html
Lucene.Net.Search.PhraseQuery.ToString_overloads.html
Lucene.Net.Search.PhraseQuery.ToString_overload_1.html
Lucene.Net.Search.PrefixQuery.html
Lucene.Net.Search.PrefixQueryMembers.html
Lucene.Net.Search.PrefixQueryConstructor.html
Lucene.Net.Search.PrefixQueryMethods.html
Lucene.Net.Search.PrefixQuery.Clone.html
Lucene.Net.Search.PrefixQuery.Combine.html
Lucene.Net.Search.PrefixQuery.GetPrefix.html
Lucene.Net.Search.PrefixQuery.Rewrite.html
Lucene.Net.Search.PrefixQuery.ToString_overloads.html
Lucene.Net.Search.PrefixQuery.ToString_overload_1.html
Lucene.Net.Search.Query.html
Lucene.Net.Search.QueryHierarchy.html
Lucene.Net.Search.QueryMembers.html
Lucene.Net.Search.QueryConstructor.html
Lucene.Net.Search.QueryMethods.html
Lucene.Net.Search.Query.Clone.html
Lucene.Net.Search.Query.Combine.html
Lucene.Net.Search.Query.CreateWeight.html
Lucene.Net.Search.Query.GetBoost.html
Lucene.Net.Search.Query.GetSimilarity.html
Lucene.Net.Search.Query.MergeBooleanQueries.html
Lucene.Net.Search.Query.Rewrite.html
Lucene.Net.Search.Query.SetBoost.html
Lucene.Net.Search.Query.ToString_overloads.html
Lucene.Net.Search.Query.ToString_overload_2.html
Lucene.Net.Search.Query.ToString_overload_1.html
Lucene.Net.Search.Query.Weight.html
Lucene.Net.Search.QueryFilter.html
Lucene.Net.Search.QueryFilterMembers.html
Lucene.Net.Search.QueryFilterConstructor.html
Lucene.Net.Search.QueryFilterMethods.html
Lucene.Net.Search.QueryFilter.Bits.html
Lucene.Net.Search.QueryFilter.ToString.html
Lucene.Net.Search.QueryTermVector.html
Lucene.Net.Search.QueryTermVectorMembers.html
Lucene.Net.Search.QueryTermVectorConstructor.html
Lucene.Net.Search.QueryTermVectorConstructor1.html
Lucene.Net.Search.QueryTermVectorConstructor2.html
Lucene.Net.Search.QueryTermVectorMethods.html
Lucene.Net.Search.QueryTermVector.GetField.html
Lucene.Net.Search.QueryTermVector.GetTermFrequencies.html
Lucene.Net.Search.QueryTermVector.GetTerms.html
Lucene.Net.Search.QueryTermVector.IndexesOf.html
Lucene.Net.Search.QueryTermVector.IndexOf.html
Lucene.Net.Search.QueryTermVector.Size.html
Lucene.Net.Search.QueryTermVector.ToString.html
Lucene.Net.Search.RangeQuery.html
Lucene.Net.Search.RangeQueryMembers.html
Lucene.Net.Search.RangeQueryConstructor.html
Lucene.Net.Search.RangeQueryMethods.html
Lucene.Net.Search.RangeQuery.Clone.html
Lucene.Net.Search.RangeQuery.Combine.html
Lucene.Net.Search.RangeQuery.GetField.html
Lucene.Net.Search.RangeQuery.GetLowerTerm.html
Lucene.Net.Search.RangeQuery.GetUpperTerm.html
Lucene.Net.Search.RangeQuery.IsInclusive.html
Lucene.Net.Search.RangeQuery.Rewrite.html
Lucene.Net.Search.RangeQuery.ToString_overloads.html
Lucene.Net.Search.RangeQuery.ToString_overload_1.html
Lucene.Net.Search.RemoteSearchable.html
Lucene.Net.Search.RemoteSearchableMembers.html
Lucene.Net.Search.RemoteSearchableConstructor.html
Lucene.Net.Search.RemoteSearchableMethods.html
Lucene.Net.Search.RemoteSearchable.Close.html
Lucene.Net.Search.RemoteSearchable.Doc.html
Lucene.Net.Search.RemoteSearchable.DocFreq.html
Lucene.Net.Search.RemoteSearchable.Explain.html
Lucene.Net.Search.RemoteSearchable.InitializeLifetimeService.html
Lucene.Net.Search.RemoteSearchable.Main.html
Lucene.Net.Search.RemoteSearchable.MaxDoc.html
Lucene.Net.Search.RemoteSearchable.Rewrite.html
Lucene.Net.Search.RemoteSearchable.Search_overloads.html
Lucene.Net.Search.RemoteSearchable.Search_overload_3.html
Lucene.Net.Search.RemoteSearchable.Search_overload_2.html
Lucene.Net.Search.RemoteSearchable.Search_overload_1.html
Lucene.Net.Search.ScoreDoc.html
Lucene.Net.Search.ScoreDocMembers.html
Lucene.Net.Search.ScoreDocConstructor.html
Lucene.Net.Search.ScoreDocFields.html
Lucene.Net.Search.ScoreDoc.doc.html
Lucene.Net.Search.ScoreDoc.score.html
Lucene.Net.Search.ScoreDocComparator.html
Lucene.Net.Search.ScoreDocComparatorMembers.html
Lucene.Net.Search.ScoreDocComparatorMethods.html
Lucene.Net.Search.ScoreDocComparator.Compare.html
Lucene.Net.Search.ScoreDocComparator.SortType.html
Lucene.Net.Search.ScoreDocComparator.SortValue.html
Lucene.Net.Search.ScoreDocComparator_Fields.html
Lucene.Net.Search.ScoreDocComparator_FieldsMembers.html
Lucene.Net.Search.ScoreDocComparator_FieldsFields.html
Lucene.Net.Search.ScoreDocComparator_Fields.INDEXORDER.html
Lucene.Net.Search.ScoreDocComparator_Fields.RELEVANCE.html
Lucene.Net.Search.Scorer.html
Lucene.Net.Search.ScorerMembers.html
Lucene.Net.Search.ScorerConstructor.html
Lucene.Net.Search.ScorerMethods.html
Lucene.Net.Search.Scorer.Doc.html
Lucene.Net.Search.Scorer.Explain.html
Lucene.Net.Search.Scorer.GetSimilarity.html
Lucene.Net.Search.Scorer.Next.html
Lucene.Net.Search.Scorer.Score_overloads.html
Lucene.Net.Search.Scorer.Score_overload_1.html
Lucene.Net.Search.Scorer.Score_overload_2.html
Lucene.Net.Search.Scorer.SkipTo.html
Lucene.Net.Search.Searchable.html
Lucene.Net.Search.SearchableMembers.html
Lucene.Net.Search.SearchableMethods.html
Lucene.Net.Search.Searchable.Close.html
Lucene.Net.Search.Searchable.Doc.html
Lucene.Net.Search.Searchable.DocFreq.html
Lucene.Net.Search.Searchable.Explain.html
Lucene.Net.Search.Searchable.MaxDoc.html
Lucene.Net.Search.Searchable.Rewrite.html
Lucene.Net.Search.Searchable.Search_overloads.html
Lucene.Net.Search.Searchable.Search_overload_3.html
Lucene.Net.Search.Searchable.Search_overload_2.html
Lucene.Net.Search.Searchable.Search_overload_1.html
Lucene.Net.Search.Searcher.html
Lucene.Net.Search.SearcherMembers.html
Lucene.Net.Search.SearcherConstructor.html
Lucene.Net.Search.SearcherMethods.html
Lucene.Net.Search.Searcher.Close.html
Lucene.Net.Search.Searcher.Doc.html
Lucene.Net.Search.Searcher.DocFreq.html
Lucene.Net.Search.Searcher.Explain.html
Lucene.Net.Search.Searcher.GetSimilarity.html
Lucene.Net.Search.Searcher.MaxDoc.html
Lucene.Net.Search.Searcher.Rewrite.html
Lucene.Net.Search.Searcher.Search_overloads.html
Lucene.Net.Search.Searcher.Search_overload_8.html
Lucene.Net.Search.Searcher.Search_overload_7.html
Lucene.Net.Search.Searcher.Search_overload_3.html
Lucene.Net.Search.Searcher.Search_overload_5.html
Lucene.Net.Search.Searcher.Search_overload_2.html
Lucene.Net.Search.Searcher.Search_overload_1.html
Lucene.Net.Search.Searcher.Search_overload_4.html
Lucene.Net.Search.Searcher.Search_overload_6.html
Lucene.Net.Search.Searcher.SetSimilarity.html
Lucene.Net.Search.Similarity.html
Lucene.Net.Search.SimilarityMembers.html
Lucene.Net.Search.SimilarityConstructor.html
Lucene.Net.Search.SimilarityMethods.html
Lucene.Net.Search.Similarity.Coord.html
Lucene.Net.Search.Similarity.DecodeNorm.html
Lucene.Net.Search.Similarity.EncodeNorm.html
Lucene.Net.Search.Similarity.GetDefault.html
Lucene.Net.Search.Similarity.Idf_overloads.html
Lucene.Net.Search.Similarity.Idf_overload_3.html
Lucene.Net.Search.Similarity.Idf_overload_2.html
Lucene.Net.Search.Similarity.Idf_overload_1.html
Lucene.Net.Search.Similarity.LengthNorm.html
Lucene.Net.Search.Similarity.QueryNorm.html
Lucene.Net.Search.Similarity.SetDefault.html
Lucene.Net.Search.Similarity.SloppyFreq.html
Lucene.Net.Search.Similarity.Tf_overloads.html
Lucene.Net.Search.Similarity.Tf_overload_2.html
Lucene.Net.Search.Similarity.Tf_overload_1.html
Lucene.Net.Search.Sort.html
Lucene.Net.Search.SortMembers.html
Lucene.Net.Search.SortConstructor.html
Lucene.Net.Search.SortConstructor1.html
Lucene.Net.Search.SortConstructor2.html
Lucene.Net.Search.SortConstructor3.html
Lucene.Net.Search.SortConstructor4.html
Lucene.Net.Search.SortConstructor5.html
Lucene.Net.Search.SortConstructor6.html
Lucene.Net.Search.SortFields.html
Lucene.Net.Search.Sort.INDEXORDER.html
Lucene.Net.Search.Sort.RELEVANCE.html
Lucene.Net.Search.SortMethods.html
Lucene.Net.Search.Sort.SetSort_overloads.html
Lucene.Net.Search.Sort.SetSort_overload_2.html
Lucene.Net.Search.Sort.SetSort_overload_1.html
Lucene.Net.Search.Sort.SetSort_overload_5.html
Lucene.Net.Search.Sort.SetSort_overload_4.html
Lucene.Net.Search.Sort.SetSort_overload_3.html
Lucene.Net.Search.Sort.ToString.html
Lucene.Net.Search.SortComparator.html
Lucene.Net.Search.SortComparatorMembers.html
Lucene.Net.Search.SortComparatorConstructor.html
Lucene.Net.Search.SortComparatorMethods.html
Lucene.Net.Search.SortComparator.GetComparable.html
Lucene.Net.Search.SortComparator.NewComparator.html
Lucene.Net.Search.SortComparatorSource.html
Lucene.Net.Search.SortComparatorSourceMembers.html
Lucene.Net.Search.SortComparatorSourceMethods.html
Lucene.Net.Search.SortComparatorSource.NewComparator.html
Lucene.Net.Search.SortField.html
Lucene.Net.Search.SortFieldMembers.html
Lucene.Net.Search.SortFieldConstructor.html
Lucene.Net.Search.SortFieldConstructor1.html
Lucene.Net.Search.SortFieldConstructor2.html
Lucene.Net.Search.SortFieldConstructor3.html
Lucene.Net.Search.SortFieldConstructor4.html
Lucene.Net.Search.SortFieldConstructor5.html
Lucene.Net.Search.SortFieldConstructor6.html
Lucene.Net.Search.SortFieldConstructor7.html
Lucene.Net.Search.SortFieldConstructor8.html
Lucene.Net.Search.SortFieldFields.html
Lucene.Net.Search.SortField.AUTO.html
Lucene.Net.Search.SortField.CUSTOM.html
Lucene.Net.Search.SortField.DOC.html
Lucene.Net.Search.SortField.FIELD_DOC.html
Lucene.Net.Search.SortField.FIELD_SCORE.html
Lucene.Net.Search.SortField.FLOAT.html
Lucene.Net.Search.SortField.INT.html
Lucene.Net.Search.SortField.SCORE.html
Lucene.Net.Search.SortField.STRING.html
Lucene.Net.Search.SortFieldMethods.html
Lucene.Net.Search.SortField.GetFactory.html
Lucene.Net.Search.SortField.GetField.html
Lucene.Net.Search.SortField.GetLocale.html
Lucene.Net.Search.SortField.GetReverse.html
Lucene.Net.Search.SortField.GetType.html
Lucene.Net.Search.SortField.ToString.html
Lucene.Net.Search.StringIndex.html
Lucene.Net.Search.StringIndexMembers.html
Lucene.Net.Search.StringIndexConstructor.html
Lucene.Net.Search.StringIndexFields.html
Lucene.Net.Search.StringIndex.lookup.html
Lucene.Net.Search.StringIndex.order.html
Lucene.Net.Search.TermQuery.html
Lucene.Net.Search.TermQueryMembers.html
Lucene.Net.Search.TermQueryConstructor.html
Lucene.Net.Search.TermQueryMethods.html
Lucene.Net.Search.TermQuery.CreateWeight.html
Lucene.Net.Search.TermQuery.Equals.html
Lucene.Net.Search.TermQuery.GetHashCode.html
Lucene.Net.Search.TermQuery.GetTerm.html
Lucene.Net.Search.TermQuery.ToString_overloads.html
Lucene.Net.Search.TermQuery.ToString_overload_1.html
Lucene.Net.Search.TopDocs.html
Lucene.Net.Search.TopDocsMembers.html
Lucene.Net.Search.TopDocsFields.html
Lucene.Net.Search.TopDocs.scoreDocs.html
Lucene.Net.Search.TopDocs.totalHits.html
Lucene.Net.Search.TopFieldDocs.html
Lucene.Net.Search.TopFieldDocsMembers.html
Lucene.Net.Search.TopFieldDocsFields.html
Lucene.Net.Search.TopFieldDocs.fields.html
Lucene.Net.Search.Weight.html
Lucene.Net.Search.WeightMembers.html
Lucene.Net.Search.WeightProperties.html
Lucene.Net.Search.Weight.Query.html
Lucene.Net.Search.Weight.Value.html
Lucene.Net.Search.WeightMethods.html
Lucene.Net.Search.Weight.Explain.html
Lucene.Net.Search.Weight.Normalize.html
Lucene.Net.Search.Weight.Scorer.html
Lucene.Net.Search.Weight.SumOfSquaredWeights.html
Lucene.Net.Search.WildcardQuery.html
Lucene.Net.Search.WildcardQueryMembers.html
Lucene.Net.Search.WildcardQueryConstructor.html
Lucene.Net.Search.WildcardQueryMethods.html
Lucene.Net.Search.WildcardQuery.GetEnum.html
Lucene.Net.Search.WildcardTermEnum.html
Lucene.Net.Search.WildcardTermEnumMembers.html
Lucene.Net.Search.WildcardTermEnumConstructor.html
Lucene.Net.Search.WildcardTermEnumFields.html
Lucene.Net.Search.WildcardTermEnum.WILDCARD_CHAR.html
Lucene.Net.Search.WildcardTermEnum.WILDCARD_STRING.html
Lucene.Net.Search.WildcardTermEnumMethods.html
Lucene.Net.Search.WildcardTermEnum.Close.html
Lucene.Net.Search.WildcardTermEnum.Difference.html
Lucene.Net.Search.WildcardTermEnum.EndEnum.html
Lucene.Net.Search.WildcardTermEnum.TermCompare.html
Lucene.Net.Search.WildcardTermEnum.WildcardEquals.html
Lucene.Net.Search.Spans.html
Lucene.Net.Search.SpansHierarchy.html
Lucene.Net.Search.Spans.SpanFirstQuery.html
Lucene.Net.Search.Spans.SpanFirstQueryMembers.html
Lucene.Net.Search.Spans.SpanFirstQueryConstructor.html
Lucene.Net.Search.Spans.SpanFirstQueryMethods.html
Lucene.Net.Search.Spans.SpanFirstQuery.GetEnd.html
Lucene.Net.Search.Spans.SpanFirstQuery.GetField.html
Lucene.Net.Search.Spans.SpanFirstQuery.GetMatch.html
Lucene.Net.Search.Spans.SpanFirstQuery.GetSpans.html
Lucene.Net.Search.Spans.SpanFirstQuery.GetTerms.html
Lucene.Net.Search.Spans.SpanFirstQuery.ToString_overloads.html
Lucene.Net.Search.Spans.SpanFirstQuery.ToString_overload_1.html
Lucene.Net.Search.Spans.SpanNearQuery.html
Lucene.Net.Search.Spans.SpanNearQueryMembers.html
Lucene.Net.Search.Spans.SpanNearQueryConstructor.html
Lucene.Net.Search.Spans.SpanNearQueryMethods.html
Lucene.Net.Search.Spans.SpanNearQuery.GetClauses.html
Lucene.Net.Search.Spans.SpanNearQuery.GetField.html
Lucene.Net.Search.Spans.SpanNearQuery.GetSlop.html
Lucene.Net.Search.Spans.SpanNearQuery.GetSpans.html
Lucene.Net.Search.Spans.SpanNearQuery.GetTerms.html
Lucene.Net.Search.Spans.SpanNearQuery.IsInOrder.html
Lucene.Net.Search.Spans.SpanNearQuery.ToString_overloads.html
Lucene.Net.Search.Spans.SpanNearQuery.ToString_overload_1.html
Lucene.Net.Search.Spans.SpanNotQuery.html
Lucene.Net.Search.Spans.SpanNotQueryMembers.html
Lucene.Net.Search.Spans.SpanNotQueryConstructor.html
Lucene.Net.Search.Spans.SpanNotQueryMethods.html
Lucene.Net.Search.Spans.SpanNotQuery.GetExclude.html
Lucene.Net.Search.Spans.SpanNotQuery.GetField.html
Lucene.Net.Search.Spans.SpanNotQuery.GetInclude.html
Lucene.Net.Search.Spans.SpanNotQuery.GetSpans.html
Lucene.Net.Search.Spans.SpanNotQuery.GetTerms.html
Lucene.Net.Search.Spans.SpanNotQuery.ToString_overloads.html
Lucene.Net.Search.Spans.SpanNotQuery.ToString_overload_1.html
Lucene.Net.Search.Spans.SpanOrQuery.html
Lucene.Net.Search.Spans.SpanOrQueryMembers.html
Lucene.Net.Search.Spans.SpanOrQueryConstructor.html
Lucene.Net.Search.Spans.SpanOrQueryMethods.html
Lucene.Net.Search.Spans.SpanOrQuery.GetClauses.html
Lucene.Net.Search.Spans.SpanOrQuery.GetField.html
Lucene.Net.Search.Spans.SpanOrQuery.GetSpans.html
Lucene.Net.Search.Spans.SpanOrQuery.GetTerms.html
Lucene.Net.Search.Spans.SpanOrQuery.ToString_overloads.html
Lucene.Net.Search.Spans.SpanOrQuery.ToString_overload_1.html
Lucene.Net.Search.Spans.SpanQuery.html
Lucene.Net.Search.Spans.SpanQueryMembers.html
Lucene.Net.Search.Spans.SpanQueryConstructor.html
Lucene.Net.Search.Spans.SpanQueryMethods.html
Lucene.Net.Search.Spans.SpanQuery.CreateWeight.html
Lucene.Net.Search.Spans.SpanQuery.GetField.html
Lucene.Net.Search.Spans.SpanQuery.GetSpans.html
Lucene.Net.Search.Spans.SpanQuery.GetTerms.html
Lucene.Net.Search.Spans.Spans.html
Lucene.Net.Search.Spans.SpansMembers.html
Lucene.Net.Search.Spans.SpansMethods.html
Lucene.Net.Search.Spans.Spans.Doc.html
Lucene.Net.Search.Spans.Spans.End.html
Lucene.Net.Search.Spans.Spans.Next.html
Lucene.Net.Search.Spans.Spans.SkipTo.html
Lucene.Net.Search.Spans.Spans.Start.html
Lucene.Net.Search.Spans.SpanTermQuery.html
Lucene.Net.Search.Spans.SpanTermQueryMembers.html
Lucene.Net.Search.Spans.SpanTermQueryConstructor.html
Lucene.Net.Search.Spans.SpanTermQueryMethods.html
Lucene.Net.Search.Spans.SpanTermQuery.GetField.html
Lucene.Net.Search.Spans.SpanTermQuery.GetSpans.html
Lucene.Net.Search.Spans.SpanTermQuery.GetTerm.html
Lucene.Net.Search.Spans.SpanTermQuery.GetTerms.html
Lucene.Net.Search.Spans.SpanTermQuery.ToString_overloads.html
Lucene.Net.Search.Spans.SpanTermQuery.ToString_overload_1.html
Lucene.Net.Store.html
Lucene.Net.StoreHierarchy.html
Lucene.Net.Store.Directory.html
Lucene.Net.Store.DirectoryMembers.html
Lucene.Net.Store.DirectoryConstructor.html
Lucene.Net.Store.DirectoryMethods.html
Lucene.Net.Store.Directory.Close.html
Lucene.Net.Store.Directory.CreateFile.html
Lucene.Net.Store.Directory.DeleteFile.html
Lucene.Net.Store.Directory.FileExists.html
Lucene.Net.Store.Directory.FileLength.html
Lucene.Net.Store.Directory.FileModified.html
Lucene.Net.Store.Directory.List.html
Lucene.Net.Store.Directory.MakeLock.html
Lucene.Net.Store.Directory.OpenFile.html
Lucene.Net.Store.Directory.RenameFile.html
Lucene.Net.Store.Directory.TouchFile.html
Lucene.Net.Store.FSDirectory.html
Lucene.Net.Store.FSDirectoryMembers.html
Lucene.Net.Store.FSDirectoryFields.html
Lucene.Net.Store.FSDirectory.LOCK_DIR.html
Lucene.Net.Store.FSDirectoryMethods.html
Lucene.Net.Store.FSDirectory.Close.html
Lucene.Net.Store.FSDirectory.CreateFile.html
Lucene.Net.Store.FSDirectory.DeleteFile.html
Lucene.Net.Store.FSDirectory.FileExists.html
Lucene.Net.Store.FSDirectory.FileLength.html
Lucene.Net.Store.FSDirectory.FileModified_overloads.html
Lucene.Net.Store.FSDirectory.FileModified_overload_2.html
Lucene.Net.Store.FSDirectory.FileModified_overload_1.html
Lucene.Net.Store.FSDirectory.GetDirectory_overloads.html
Lucene.Net.Store.FSDirectory.GetDirectory_overload_2.html
Lucene.Net.Store.FSDirectory.GetDirectory_overload_1.html
Lucene.Net.Store.FSDirectory.GetFile.html
Lucene.Net.Store.FSDirectory.List.html
Lucene.Net.Store.FSDirectory.MakeLock.html
Lucene.Net.Store.FSDirectory.OpenFile.html
Lucene.Net.Store.FSDirectory.RenameFile.html
Lucene.Net.Store.FSDirectory.ToString.html
Lucene.Net.Store.FSDirectory.TouchFile.html
Lucene.Net.Store.FSInputStream.html
Lucene.Net.Store.FSInputStreamMembers.html
Lucene.Net.Store.FSInputStreamConstructor.html
Lucene.Net.Store.FSInputStreamFields.html
Lucene.Net.Store.FSInputStream.isClone.html
Lucene.Net.Store.FSInputStreamMethods.html
Lucene.Net.Store.FSInputStream.Clone.html
Lucene.Net.Store.FSInputStream.Close.html
Lucene.Net.Store.FSInputStream.IsFDValid.html
Lucene.Net.Store.FSInputStream.ReadInternal.html
Lucene.Net.Store.FSInputStream.SeekInternal.html
Lucene.Net.Store.InputStream.html
Lucene.Net.Store.InputStreamMembers.html
Lucene.Net.Store.InputStreamConstructor.html
Lucene.Net.Store.InputStreamFields.html
Lucene.Net.Store.InputStream.length.html
Lucene.Net.Store.InputStreamMethods.html
Lucene.Net.Store.InputStream.Clone.html
Lucene.Net.Store.InputStream.Close.html
Lucene.Net.Store.InputStream.GetFilePointer.html
Lucene.Net.Store.InputStream.Length.html
Lucene.Net.Store.InputStream.ReadByte.html
Lucene.Net.Store.InputStream.ReadBytes.html
Lucene.Net.Store.InputStream.ReadChars.html
Lucene.Net.Store.InputStream.ReadInt.html
Lucene.Net.Store.InputStream.ReadInternal.html
Lucene.Net.Store.InputStream.ReadLong.html
Lucene.Net.Store.InputStream.ReadString.html
Lucene.Net.Store.InputStream.ReadVInt.html
Lucene.Net.Store.InputStream.ReadVLong.html
Lucene.Net.Store.InputStream.Seek.html
Lucene.Net.Store.InputStream.SeekInternal.html
Lucene.Net.Store.Lock.html
Lucene.Net.Store.LockMembers.html
Lucene.Net.Store.LockConstructor.html
Lucene.Net.Store.LockFields.html
Lucene.Net.Store.Lock.LOCK_POLL_INTERVAL.html
Lucene.Net.Store.LockMethods.html
Lucene.Net.Store.Lock.IsLocked.html
Lucene.Net.Store.Lock.Obtain_overloads.html
Lucene.Net.Store.Lock.Obtain_overload_2.html
Lucene.Net.Store.Lock.Obtain_overload_1.html
Lucene.Net.Store.Lock.Release.html
Lucene.Net.Store.Lock.With.html
Lucene.Net.Store.Lock.WithMembers.html
Lucene.Net.Store.Lock.WithConstructor.html
Lucene.Net.Store.Lock.WithConstructor1.html
Lucene.Net.Store.Lock.WithConstructor2.html
Lucene.Net.Store.Lock.WithMethods.html
Lucene.Net.Store.Lock.With.DoBody.html
Lucene.Net.Store.Lock.With.Run.html
Lucene.Net.Store.OutputStream.html
Lucene.Net.Store.OutputStreamMembers.html
Lucene.Net.Store.OutputStreamConstructor.html
Lucene.Net.Store.OutputStreamMethods.html
Lucene.Net.Store.OutputStream.Close.html
Lucene.Net.Store.OutputStream.Flush.html
Lucene.Net.Store.OutputStream.FlushBuffer.html
Lucene.Net.Store.OutputStream.GetFilePointer.html
Lucene.Net.Store.OutputStream.Length.html
Lucene.Net.Store.OutputStream.Seek.html
Lucene.Net.Store.OutputStream.WriteByte.html
Lucene.Net.Store.OutputStream.WriteBytes.html
Lucene.Net.Store.OutputStream.WriteChars.html
Lucene.Net.Store.OutputStream.WriteInt.html
Lucene.Net.Store.OutputStream.WriteLong.html
Lucene.Net.Store.OutputStream.WriteString.html
Lucene.Net.Store.OutputStream.WriteVInt.html
Lucene.Net.Store.OutputStream.WriteVLong.html
Lucene.Net.Store.RAMDirectory.html
Lucene.Net.Store.RAMDirectoryMembers.html
Lucene.Net.Store.RAMDirectoryConstructor.html
Lucene.Net.Store.RAMDirectoryConstructor1.html
Lucene.Net.Store.RAMDirectoryConstructor2.html
Lucene.Net.Store.RAMDirectoryConstructor3.html
Lucene.Net.Store.RAMDirectoryConstructor4.html
Lucene.Net.Store.RAMDirectoryMethods.html
Lucene.Net.Store.RAMDirectory.Close.html
Lucene.Net.Store.RAMDirectory.CreateFile.html
Lucene.Net.Store.RAMDirectory.DeleteFile.html
Lucene.Net.Store.RAMDirectory.FileExists.html
Lucene.Net.Store.RAMDirectory.FileLength.html
Lucene.Net.Store.RAMDirectory.FileModified.html
Lucene.Net.Store.RAMDirectory.List.html
Lucene.Net.Store.RAMDirectory.MakeLock.html
Lucene.Net.Store.RAMDirectory.OpenFile.html
Lucene.Net.Store.RAMDirectory.RenameFile.html
Lucene.Net.Store.RAMDirectory.TouchFile.html
Lucene.Net.Store.RAMOutputStream.html
Lucene.Net.Store.RAMOutputStreamMembers.html
Lucene.Net.Store.RAMOutputStreamConstructor1.html
Lucene.Net.Store.RAMOutputStreamMethods.html
Lucene.Net.Store.RAMOutputStream.Close.html
Lucene.Net.Store.RAMOutputStream.FlushBuffer.html
Lucene.Net.Store.RAMOutputStream.Length.html
Lucene.Net.Store.RAMOutputStream.Leset.html
Lucene.Net.Store.RAMOutputStream.Seek.html
Lucene.Net.Store.RAMOutputStream.WriteTo.html
Lucene.Net.Util.html
Lucene.Net.UtilHierarchy.html
Lucene.Net.Util.BitVector.html
Lucene.Net.Util.BitVectorMembers.html
Lucene.Net.Util.BitVectorConstructor.html
Lucene.Net.Util.BitVectorConstructor1.html
Lucene.Net.Util.BitVectorConstructor2.html
Lucene.Net.Util.BitVectorMethods.html
Lucene.Net.Util.BitVector.Clear.html
Lucene.Net.Util.BitVector.Count.html
Lucene.Net.Util.BitVector.Get.html
Lucene.Net.Util.BitVector.Set.html
Lucene.Net.Util.BitVector.Size.html
Lucene.Net.Util.BitVector.Write.html
Lucene.Net.Util.Constants.html
Lucene.Net.Util.ConstantsMembers.html
Lucene.Net.Util.ConstantsFields.html
Lucene.Net.Util.Constants.JAVA_1_1.html
Lucene.Net.Util.Constants.JAVA_1_2.html
Lucene.Net.Util.Constants.JAVA_1_3.html
Lucene.Net.Util.Constants.JAVA_VERSION.html
Lucene.Net.Util.Constants.LINUX.html
Lucene.Net.Util.Constants.OS_NAME.html
Lucene.Net.Util.Constants.SUN_OS.html
Lucene.Net.Util.Constants.WINDOWS.html
Lucene.Net.Util.PriorityQueue.html
Lucene.Net.Util.PriorityQueueMembers.html
Lucene.Net.Util.PriorityQueueConstructor.html
Lucene.Net.Util.PriorityQueueMethods.html
Lucene.Net.Util.PriorityQueue.AdjustTop.html
Lucene.Net.Util.PriorityQueue.Clear.html
Lucene.Net.Util.PriorityQueue.Initialize.html
Lucene.Net.Util.PriorityQueue.Insert.html
Lucene.Net.Util.PriorityQueue.LessThan.html
Lucene.Net.Util.PriorityQueue.Pop.html
Lucene.Net.Util.PriorityQueue.Put.html
Lucene.Net.Util.PriorityQueue.Size.html
Lucene.Net.Util.PriorityQueue.Top.html
Lucene.Net.Util.StringHelper.html
Lucene.Net.Util.StringHelperMembers.html
Lucene.Net.Util.StringHelperMethods.html
Lucene.Net.Util.StringHelper.StringDifference.html
Generating HTML content file...
transform the HHC contents file into html
Compiling HTML Help file...
Compiling Html Help file
Microsoft HTML Help Compiler 4.74.8702

Compiling e:\Aroush.proj\Lucene.Net-1.4.3.final-004.src\Lucene.Net\doc\ndoc_msdn_temp\Documentation.chm

HHC4006: Warning: The file "Lucene.Net.Documents.Document.Fields.html" is already listed in the [FILES] section of the project file.
HHC4006: Warning: The file "Lucene.Net.Index.Term.Text.html" is already listed in the [FILES] section of the project file.
HHC4006: Warning: The file "Lucene.Net.Store.InputStream.Length.html" is already listed in the [FILES] section of the project file.

Compile time: 0 minutes, 15 seconds
3,896	Topics
13,251	Local links
0	Internet links
8	Graphics


Created e:\Aroush.proj\Lucene.Net-1.4.3.final-004.src\Lucene.Net\doc\ndoc_msdn_temp\Documentation.chm, 824,545 bytes
Compression decreased file by 5,100,220 bytes.

Html Help compile complete
Done.
