Building documentation...
Initializing...
Merging XML documentation...
Building file mapping...
Loading XSLT files...
    namespace.xslt
    namespacehierarchy.xslt
    type.xslt
    typehierarchy.xslt
    allmembers.xslt
    individualmembers.xslt
    event.xslt
    member.xslt
    memberoverload.xslt
    property.xslt
    field.xslt
    htmlcontents.xslt
Generating HTML pages...
Lucene.Net.Analysis.Snowball.html
Lucene.Net.Analysis.SnowballHierarchy.html
Lucene.Net.Analysis.Snowball.SnowballAnalyzer.html
Lucene.Net.Analysis.Snowball.SnowballAnalyzerMembers.html
Lucene.Net.Analysis.Snowball.SnowballAnalyzerConstructor.html
Lucene.Net.Analysis.Snowball.SnowballAnalyzerConstructor1.html
Lucene.Net.Analysis.Snowball.SnowballAnalyzerConstructor2.html
Lucene.Net.Analysis.Snowball.SnowballAnalyzerMethods.html
Lucene.Net.Analysis.Snowball.SnowballAnalyzer.TokenStream.html
Lucene.Net.Analysis.Snowball.SnowballFilter.html
Lucene.Net.Analysis.Snowball.SnowballFilterMembers.html
Lucene.Net.Analysis.Snowball.SnowballFilterConstructor.html
Lucene.Net.Analysis.Snowball.SnowballFilterMethods.html
Lucene.Net.Analysis.Snowball.SnowballFilter.Next.html
SF.Snowball.html
SF.SnowballHierarchy.html
SF.Snowball.Among.html
SF.Snowball.AmongMembers.html
SF.Snowball.AmongConstructor.html
SF.Snowball.AmongFields.html
SF.Snowball.Among.method.html
SF.Snowball.Among.methodobject.html
SF.Snowball.Among.result.html
SF.Snowball.Among.s.html
SF.Snowball.Among.s_size.html
SF.Snowball.Among.substring_i.html
SF.Snowball.SnowballProgram.html
SF.Snowball.SnowballProgramHierarchy.html
SF.Snowball.SnowballProgramMembers.html
SF.Snowball.SnowballProgramConstructor.html
SF.Snowball.SnowballProgramFields.html
SF.Snowball.SnowballProgram.bra.html
SF.Snowball.SnowballProgram.current.html
SF.Snowball.SnowballProgram.cursor.html
SF.Snowball.SnowballProgram.ket.html
SF.Snowball.SnowballProgram.limit.html
SF.Snowball.SnowballProgram.limit_backward.html
SF.Snowball.SnowballProgramMethods.html
SF.Snowball.SnowballProgram.assign_to.html
SF.Snowball.SnowballProgram.copy_from.html
SF.Snowball.SnowballProgram.eq_s.html
SF.Snowball.SnowballProgram.eq_s_b.html
SF.Snowball.SnowballProgram.eq_v.html
SF.Snowball.SnowballProgram.eq_v_b.html
SF.Snowball.SnowballProgram.find_among.html
SF.Snowball.SnowballProgram.find_among_b.html
SF.Snowball.SnowballProgram.GetCurrent.html
SF.Snowball.SnowballProgram.in_grouping.html
SF.Snowball.SnowballProgram.in_grouping_b.html
SF.Snowball.SnowballProgram.in_range.html
SF.Snowball.SnowballProgram.in_range_b.html
SF.Snowball.SnowballProgram.insert_overloads.html
SF.Snowball.SnowballProgram.insert_overload_2.html
SF.Snowball.SnowballProgram.insert_overload_1.html
SF.Snowball.SnowballProgram.out_grouping.html
SF.Snowball.SnowballProgram.out_grouping_b.html
SF.Snowball.SnowballProgram.out_range.html
SF.Snowball.SnowballProgram.out_range_b.html
SF.Snowball.SnowballProgram.replace_s.html
SF.Snowball.SnowballProgram.SetCurrent.html
SF.Snowball.SnowballProgram.slice_check.html
SF.Snowball.SnowballProgram.slice_del.html
SF.Snowball.SnowballProgram.slice_from_overloads.html
SF.Snowball.SnowballProgram.slice_from_overload_2.html
SF.Snowball.SnowballProgram.slice_from_overload_1.html
SF.Snowball.SnowballProgram.slice_to.html
SF.Snowball.TestApp.html
SF.Snowball.TestAppMembers.html
SF.Snowball.TestAppConstructor.html
SF.Snowball.TestAppMethods.html
SF.Snowball.TestApp.Main.html
SF.Snowball.Ext.html
SF.Snowball.ExtHierarchy.html
SF.Snowball.Ext.DanishStemmer.html
SF.Snowball.Ext.DanishStemmerMembers.html
SF.Snowball.Ext.DanishStemmerConstructor.html
SF.Snowball.Ext.DanishStemmerMethods.html
SF.Snowball.Ext.DanishStemmer.copy_from_overloads.html
SF.Snowball.Ext.DanishStemmer.copy_from_overload_1.html
SF.Snowball.Ext.DanishStemmer.Stem.html
SF.Snowball.Ext.DutchStemmer.html
SF.Snowball.Ext.DutchStemmerMembers.html
SF.Snowball.Ext.DutchStemmerConstructor.html
SF.Snowball.Ext.DutchStemmerMethods.html
SF.Snowball.Ext.DutchStemmer.copy_from_overloads.html
SF.Snowball.Ext.DutchStemmer.copy_from_overload_1.html
SF.Snowball.Ext.DutchStemmer.Stem.html
SF.Snowball.Ext.EnglishStemmer.html
SF.Snowball.Ext.EnglishStemmerMembers.html
SF.Snowball.Ext.EnglishStemmerConstructor.html
SF.Snowball.Ext.EnglishStemmerMethods.html
SF.Snowball.Ext.EnglishStemmer.copy_from_overloads.html
SF.Snowball.Ext.EnglishStemmer.copy_from_overload_1.html
SF.Snowball.Ext.EnglishStemmer.Stem.html
SF.Snowball.Ext.FinnishStemmer.html
SF.Snowball.Ext.FinnishStemmerMembers.html
SF.Snowball.Ext.FinnishStemmerConstructor.html
SF.Snowball.Ext.FinnishStemmerMethods.html
SF.Snowball.Ext.FinnishStemmer.copy_from_overloads.html
SF.Snowball.Ext.FinnishStemmer.copy_from_overload_1.html
SF.Snowball.Ext.FinnishStemmer.Stem.html
SF.Snowball.Ext.FrenchStemmer.html
SF.Snowball.Ext.FrenchStemmerMembers.html
SF.Snowball.Ext.FrenchStemmerConstructor.html
SF.Snowball.Ext.FrenchStemmerMethods.html
SF.Snowball.Ext.FrenchStemmer.copy_from_overloads.html
SF.Snowball.Ext.FrenchStemmer.copy_from_overload_1.html
SF.Snowball.Ext.FrenchStemmer.Stem.html
SF.Snowball.Ext.German2Stemmer.html
SF.Snowball.Ext.German2StemmerMembers.html
SF.Snowball.Ext.German2StemmerConstructor.html
SF.Snowball.Ext.German2StemmerMethods.html
SF.Snowball.Ext.German2Stemmer.copy_from_overloads.html
SF.Snowball.Ext.German2Stemmer.copy_from_overload_1.html
SF.Snowball.Ext.German2Stemmer.Stem.html
SF.Snowball.Ext.GermanStemmer.html
SF.Snowball.Ext.GermanStemmerMembers.html
SF.Snowball.Ext.GermanStemmerConstructor.html
SF.Snowball.Ext.GermanStemmerMethods.html
SF.Snowball.Ext.GermanStemmer.copy_from_overloads.html
SF.Snowball.Ext.GermanStemmer.copy_from_overload_1.html
SF.Snowball.Ext.GermanStemmer.Stem.html
SF.Snowball.Ext.ItalianStemmer.html
SF.Snowball.Ext.ItalianStemmerMembers.html
SF.Snowball.Ext.ItalianStemmerConstructor.html
SF.Snowball.Ext.ItalianStemmerMethods.html
SF.Snowball.Ext.ItalianStemmer.copy_from_overloads.html
SF.Snowball.Ext.ItalianStemmer.copy_from_overload_1.html
SF.Snowball.Ext.ItalianStemmer.Stem.html
SF.Snowball.Ext.KpStemmer.html
SF.Snowball.Ext.KpStemmerMembers.html
SF.Snowball.Ext.KpStemmerConstructor.html
SF.Snowball.Ext.KpStemmerMethods.html
SF.Snowball.Ext.KpStemmer.copy_from_overloads.html
SF.Snowball.Ext.KpStemmer.copy_from_overload_1.html
SF.Snowball.Ext.KpStemmer.Stem.html
SF.Snowball.Ext.LovinsStemmer.html
SF.Snowball.Ext.LovinsStemmerMembers.html
SF.Snowball.Ext.LovinsStemmerConstructor.html
SF.Snowball.Ext.LovinsStemmerMethods.html
SF.Snowball.Ext.LovinsStemmer.copy_from_overloads.html
SF.Snowball.Ext.LovinsStemmer.copy_from_overload_1.html
SF.Snowball.Ext.LovinsStemmer.Stem.html
SF.Snowball.Ext.NorwegianStemmer.html
SF.Snowball.Ext.NorwegianStemmerMembers.html
SF.Snowball.Ext.NorwegianStemmerConstructor.html
SF.Snowball.Ext.NorwegianStemmerMethods.html
SF.Snowball.Ext.NorwegianStemmer.copy_from_overloads.html
SF.Snowball.Ext.NorwegianStemmer.copy_from_overload_1.html
SF.Snowball.Ext.NorwegianStemmer.Stem.html
SF.Snowball.Ext.PorterStemmer.html
SF.Snowball.Ext.PorterStemmerMembers.html
SF.Snowball.Ext.PorterStemmerConstructor.html
SF.Snowball.Ext.PorterStemmerMethods.html
SF.Snowball.Ext.PorterStemmer.copy_from_overloads.html
SF.Snowball.Ext.PorterStemmer.copy_from_overload_1.html
SF.Snowball.Ext.PorterStemmer.Stem.html
SF.Snowball.Ext.PortugueseStemmer.html
SF.Snowball.Ext.PortugueseStemmerMembers.html
SF.Snowball.Ext.PortugueseStemmerConstructor.html
SF.Snowball.Ext.PortugueseStemmerMethods.html
SF.Snowball.Ext.PortugueseStemmer.copy_from_overloads.html
SF.Snowball.Ext.PortugueseStemmer.copy_from_overload_1.html
SF.Snowball.Ext.PortugueseStemmer.Stem.html
SF.Snowball.Ext.RussianStemmer.html
SF.Snowball.Ext.RussianStemmerMembers.html
SF.Snowball.Ext.RussianStemmerConstructor.html
SF.Snowball.Ext.RussianStemmerMethods.html
SF.Snowball.Ext.RussianStemmer.copy_from_overloads.html
SF.Snowball.Ext.RussianStemmer.copy_from_overload_1.html
SF.Snowball.Ext.RussianStemmer.Stem.html
SF.Snowball.Ext.SpanishStemmer.html
SF.Snowball.Ext.SpanishStemmerMembers.html
SF.Snowball.Ext.SpanishStemmerConstructor.html
SF.Snowball.Ext.SpanishStemmerMethods.html
SF.Snowball.Ext.SpanishStemmer.copy_from_overloads.html
SF.Snowball.Ext.SpanishStemmer.copy_from_overload_1.html
SF.Snowball.Ext.SpanishStemmer.Stem.html
SF.Snowball.Ext.SwedishStemmer.html
SF.Snowball.Ext.SwedishStemmerMembers.html
SF.Snowball.Ext.SwedishStemmerConstructor.html
SF.Snowball.Ext.SwedishStemmerMethods.html
SF.Snowball.Ext.SwedishStemmer.copy_from_overloads.html
SF.Snowball.Ext.SwedishStemmer.copy_from_overload_1.html
SF.Snowball.Ext.SwedishStemmer.Stem.html
Generating HTML content file...
transform the HHC contents file into html
Compiling HTML Help file...
Compiling Html Help file
Microsoft HTML Help Compiler 4.74.8702

Compiling c:\temp\Snowball.Net\ndoc_msdn_temp\Snowball.Net 2.0.0 API.chm


Compile time: 0 minutes, 3 seconds
187	Topics
2,072	Local links
0	Internet links
6	Graphics


Created c:\temp\Snowball.Net\ndoc_msdn_temp\Snowball.Net 2.0.0 API.chm, 80,757 bytes
Compression decreased file by 678,359 bytes.

Html Help compile complete
Done.
